2019-01-30 08:46:08: select * from `ims_yz_options` where `uniacid` = '6' or `uniacid` = 0
2019-01-30 08:46:08: select * from `ims_yz_options` where `uniacid` = '6' or `uniacid` = 0
2019-01-30 08:46:09: select * from `ims_yz_supplier` where `uid` is null limit 1
2019-01-30 08:46:09: select * from `ims_yz_supplier` where `uid` is null limit 1
2019-01-30 08:46:09: select * from `ims_yz_setting` where `group` = 'shop' and `uniacid` = '6'
2019-01-30 08:46:09: select * from `ims_modules` where `name` = 'yun_shop' and `type` = 'biz' limit 1
2019-01-30 08:46:09: select * from `ims_uni_account` where `ims_uni_account`.`uniacid` = '6' limit 1
2019-01-30 08:46:09: select * from `ims_yz_member_relation` where `ims_yz_member_relation`.`uniacid` = '6' limit 1
2019-01-30 08:46:09: select * from `ims_yz_member_del_log` where `member_id` = '2455' and `ims_yz_member_del_log`.`deleted_at` is null limit 1
2019-01-30 08:46:09: select * from `ims_yz_member` where `member_id` = '2455' and `ims_yz_member`.`uniacid` = '6' and `ims_yz_member`.`deleted_at` is null and `ims_yz_member`.`uniacid` = '6' limit 1
2019-01-30 08:46:09: select * from `ims_yz_member` where `member_id` = '2455' and `ims_yz_member`.`uniacid` = '6' and `ims_yz_member`.`deleted_at` is null and `ims_yz_member`.`uniacid` = '6' limit 1
2019-01-30 08:46:09: select * from `ims_yz_member` where `member_id` = '2455' and `ims_yz_member`.`uniacid` = '6' and `ims_yz_member`.`deleted_at` is null and `ims_yz_member`.`uniacid` = '6' limit 1
2019-01-30 08:46:09: select * from `ims_yz_member_relation` where `ims_yz_member_relation`.`uniacid` = '6' limit 1
2019-01-30 08:46:10: select * from `ims_yz_member` where `member_id` = 2455 and `ims_yz_member`.`uniacid` = '6' and `ims_yz_member`.`deleted_at` is null and `ims_yz_member`.`uniacid` = '6' limit 1
2019-01-30 08:46:10: select count(*) as aggregate from `ims_yz_hotel_goods` where `goods_id` = '202'
2019-01-30 08:46:10: select * from `ims_mc_members` where `ims_mc_members`.`uid` = '2455' limit 1
2019-01-30 08:46:10: select * from `ims_yz_goods` where `ims_yz_goods`.`id` = '202' and `ims_yz_goods`.`deleted_at` is null and `ims_yz_goods`.`uniacid` = '6' limit 1
2019-01-30 08:46:10: select * from `ims_yz_goods_privilege` where `ims_yz_goods_privilege`.`goods_id` = 202 and `ims_yz_goods_privilege`.`goods_id` is not null limit 1
2019-01-30 08:46:10: select * from `ims_mc_members` where `ims_mc_members`.`uid` = 2455 limit 1
2019-01-30 08:46:10: select * from `ims_yz_goods_option` where `ims_yz_goods_option`.`id` = '' limit 1
2019-01-30 08:46:10: select * from `ims_yz_hotel` where `ims_yz_hotel`.`id` = '1' and `ims_yz_hotel`.`uniacid` = '6' limit 1
2019-01-30 08:46:10: select * from `ims_yz_hotel` where `ims_yz_hotel`.`id` = '1' and `ims_yz_hotel`.`id` is not null and `ims_yz_hotel`.`uniacid` = '6' limit 1
2019-01-30 08:46:10: select * from `ims_yz_hotel_setting` where `ims_yz_hotel_setting`.`hotel_id` = 1 and `ims_yz_hotel_setting`.`hotel_id` is not null
2019-01-30 08:46:14: select * from `ims_yz_options` where `uniacid` = '6' or `uniacid` = 0
2019-01-30 08:46:14: select * from `ims_yz_options` where `uniacid` = '6' or `uniacid` = 0
2019-01-30 08:46:14: select * from `ims_yz_options` where `uniacid` = '6' or `uniacid` = 0
2019-01-30 08:46:14: select * from `ims_yz_options` where `uniacid` = '6' or `uniacid` = 0
2019-01-30 08:46:14: select * from `ims_yz_supplier` where `uid` is null limit 1
2019-01-30 08:46:14: select * from `ims_yz_supplier` where `uid` is null limit 1
2019-01-30 08:46:15: select * from `ims_yz_supplier` where `uid` is null limit 1
2019-01-30 08:46:15: select * from `ims_yz_supplier` where `uid` is null limit 1
2019-01-30 08:46:15: select * from `ims_modules` where `name` = 'yun_shop' and `type` = 'biz' limit 1
2019-01-30 08:46:15: select * from `ims_modules` where `name` = 'yun_shop' and `type` = 'biz' limit 1
2019-01-30 08:46:15: select * from `ims_uni_account` where `ims_uni_account`.`uniacid` = '6' limit 1
2019-01-30 08:46:15: select * from `ims_uni_account` where `ims_uni_account`.`uniacid` = '6' limit 1
2019-01-30 08:46:15: select * from `ims_yz_member_relation` where `ims_yz_member_relation`.`uniacid` = '6' limit 1
2019-01-30 08:46:15: select * from `ims_yz_member_relation` where `ims_yz_member_relation`.`uniacid` = '6' limit 1
2019-01-30 08:46:15: select * from `ims_yz_member_del_log` where `member_id` = '2455' and `ims_yz_member_del_log`.`deleted_at` is null limit 1
2019-01-30 08:46:15: select * from `ims_yz_member_del_log` where `member_id` = '2455' and `ims_yz_member_del_log`.`deleted_at` is null limit 1
2019-01-30 08:46:15: select * from `ims_yz_member` where `member_id` = '2455' and `ims_yz_member`.`uniacid` = '6' and `ims_yz_member`.`deleted_at` is null and `ims_yz_member`.`uniacid` = '6' limit 1
2019-01-30 08:46:15: select * from `ims_yz_member` where `member_id` = '2455' and `ims_yz_member`.`uniacid` = '6' and `ims_yz_member`.`deleted_at` is null and `ims_yz_member`.`uniacid` = '6' limit 1
2019-01-30 08:46:15: select * from `ims_yz_member` where `member_id` = '2455' and `ims_yz_member`.`uniacid` = '6' and `ims_yz_member`.`deleted_at` is null and `ims_yz_member`.`uniacid` = '6' limit 1
2019-01-30 08:46:15: select * from `ims_yz_member` where `member_id` = '2455' and `ims_yz_member`.`uniacid` = '6' and `ims_yz_member`.`deleted_at` is null and `ims_yz_member`.`uniacid` = '6' limit 1
2019-01-30 08:46:15: select * from `ims_yz_member` where `member_id` = '2455' and `ims_yz_member`.`uniacid` = '6' and `ims_yz_member`.`deleted_at` is null and `ims_yz_member`.`uniacid` = '6' limit 1
2019-01-30 08:46:15: select * from `ims_yz_member_relation` where `ims_yz_member_relation`.`uniacid` = '6' limit 1
2019-01-30 08:46:15: select * from `ims_yz_member` where `member_id` = '2455' and `ims_yz_member`.`uniacid` = '6' and `ims_yz_member`.`deleted_at` is null and `ims_yz_member`.`uniacid` = '6' limit 1
2019-01-30 08:46:15: select * from `ims_yz_member` where `member_id` = 2455 and `ims_yz_member`.`uniacid` = '6' and `ims_yz_member`.`deleted_at` is null and `ims_yz_member`.`uniacid` = '6' limit 1
2019-01-30 08:46:15: select * from `ims_yz_member_relation` where `ims_yz_member_relation`.`uniacid` = '6' limit 1
2019-01-30 08:46:15: select * from `ims_yz_member` where `member_id` = 2455 and `ims_yz_member`.`uniacid` = '6' and `ims_yz_member`.`deleted_at` is null and `ims_yz_member`.`uniacid` = '6' limit 1
2019-01-30 08:46:15: select * from `ims_yz_order` where `ims_yz_order`.`id` = '788' and `ims_yz_order`.`uniacid` = '6' limit 1
2019-01-30 08:46:15: select `id` from `ims_yz_address` where `areaname` = 'å¹¿å·å¸‚' limit 1
2019-01-30 08:46:15: select `order_id`, `hotel_id`, `enter_at`, `leave_at` from `ims_yz_plugin_hotel_order` where `ims_yz_plugin_hotel_order`.`order_id` in (788) and `ims_yz_plugin_hotel_order`.`deleted_at` is null
2019-01-30 08:46:15: select * from `ims_yz_hotel` where `ims_yz_hotel`.`id` in (1) and `ims_yz_hotel`.`uniacid` = '6'
2019-01-30 08:46:15: select count(*) as aggregate from `ims_yz_store` where `city_id` = 440100 and `is_hide` = 0 and `is_black` = 0 and `ims_yz_store`.`uniacid` = '6'
2019-01-30 08:46:15: select * from `ims_yz_order_goods` where `ims_yz_order_goods`.`order_id` in (788)
2019-01-30 08:46:15: select id, thumb, store_name, category_id, mobile, dispatch_type, longitude, latitude, cashier_id, specify_show, operating_state, (round(6367000 * 2 * asin(sqrt(pow(sin(((latitude * pi()) / 180 - (23.26556 * pi()) / 180) / 2), 2) + cos((23.26556 * pi()) / 180) * cos((latitude * pi()) / 180) * pow(sin(((longitude * pi()) / 180 - (113.29716 * pi()) / 180) / 2), 2))))) AS distance from `ims_yz_store` where `city_id` = 440100 and `is_hide` = 0 and `is_black` = 0 and `ims_yz_store`.`uniacid` = '6' order by `distance` asc limit 15 offset 0
2019-01-30 08:46:15: select * from `ims_yz_order_deduction` where `ims_yz_order_deduction`.`order_id` in (788)
2019-01-30 08:46:15: select * from `ims_mc_members` where `ims_mc_members`.`uid` in (0)
2019-01-30 08:46:15: select * from `ims_yz_order_discount` where `ims_yz_order_discount`.`order_id` in (788)
2019-01-30 08:46:15: select * from `ims_yz_order_coupon` where `ims_yz_order_coupon`.`order_id` in (788)
2019-01-30 08:46:15: select * from `ims_mc_members` where `ims_mc_members`.`uid` = '2455' limit 1
2019-01-30 08:46:15: select `invoice_type`, `rise_type`, `call`, `company_number`, `invoice` from `ims_yz_order` where `id` = '788' and `ims_yz_order`.`uniacid` = '6' limit 1
2019-01-30 08:46:15: select * from `ims_yz_member` where `ims_yz_member`.`member_id` = 2455 and `ims_yz_member`.`member_id` is not null and `ims_yz_member`.`deleted_at` is null and `ims_yz_member`.`uniacid` = '6' limit 1
2019-01-30 08:46:15: select * from `ims_yz_process` where `ims_yz_process`.`model_id` = 788 and `ims_yz_process`.`model_id` is not null and `model_type` = 'app\common\models\Order' and `ims_yz_process`.`deleted_at` is null
2019-01-30 08:46:15: select * from `ims_yz_status` where `ims_yz_status`.`id` = 23 and `ims_yz_status`.`deleted_at` is null limit 1
2019-01-30 08:46:15: select `id` from `ims_yz_member_level` where `ims_yz_member_level`.`uniacid` = '6' and `ims_yz_member_level`.`deleted_at` is null and `ims_yz_member_level`.`uniacid` = '6' order by `level` asc limit 1
2019-01-30 08:46:15: select `id` from `ims_yz_member_level` where `ims_yz_member_level`.`deleted_at` is null and `ims_yz_member_level`.`uniacid` = '6' limit 1
2019-01-30 08:46:15: select * from `ims_yz_pay_type` where `ims_yz_pay_type`.`id` = 5 and `ims_yz_pay_type`.`id` is not null limit 1
2019-01-30 08:46:15: select * from `ims_mc_members` where `ims_mc_members`.`uid` = '2455' limit 1
2019-01-30 08:46:15: select * from `ims_yz_goods_discount` where (`goods_id` = 102 and `level_id` = 7) limit 1
2019-01-30 08:46:15: select * from `ims_mc_members` where `ims_mc_members`.`uid` = '2455' limit 1
2019-01-30 08:46:15: select `id` from `ims_yz_member_level` where `ims_yz_member_level`.`uniacid` = '6' and `ims_yz_member_level`.`deleted_at` is null and `ims_yz_member_level`.`uniacid` = '6' order by `level` asc limit 1
2019-01-30 08:46:15: select `id` from `ims_yz_member_level` where `ims_yz_member_level`.`deleted_at` is null and `ims_yz_member_level`.`uniacid` = '6' limit 1
2019-01-30 08:46:15: select * from `ims_yz_goods_discount` where (`goods_id` = 127 and `level_id` = 7) limit 1
2019-01-30 08:46:15: select `areaname` from `ims_yz_address` where `id` in (440000, 440100, 440111, 440111008)
2019-01-30 08:46:15: select `id`, `discount` from `ims_yz_member_level` where `ims_yz_member_level`.`uniacid` = '6' and `ims_yz_member_level`.`id` = 7 and `ims_yz_member_level`.`deleted_at` is null and `ims_yz_member_level`.`uniacid` = '6' limit 1
2019-01-30 08:46:15: select `id` from `ims_yz_member_level` where `ims_yz_member_level`.`uniacid` = '6' and `ims_yz_member_level`.`deleted_at` is null and `ims_yz_member_level`.`uniacid` = '6' order by `level` asc limit 1
2019-01-30 08:46:15: select `id` from `ims_yz_member_level` where `ims_yz_member_level`.`deleted_at` is null and `ims_yz_member_level`.`uniacid` = '6' limit 1
2019-01-30 08:46:15: select * from `ims_yz_goods_discount` where (`goods_id` = 176 and `level_id` = 7) limit 1
2019-01-30 08:46:15: select * from `ims_yz_flow` where `ims_yz_flow`.`id` = 6 limit 1
2019-01-30 08:46:15: select `address`, `mobile`, `realname` from `ims_yz_order_address` where `order_id` = 788 limit 1
2019-01-30 08:46:15: select `areaname` from `ims_yz_address` where `id` in (, , , )
2019-01-30 08:46:15: select * from `ims_yz_store_goods` where `store_id` = 6
2019-01-30 08:46:15: select * from `ims_yz_store_goods` where `goods_id` = 202 limit 1
2019-01-30 08:46:15: select * from `ims_yz_store` where `cashier_id` = 202 and `ims_yz_store`.`uniacid` = '6' limit 1
2019-01-30 08:46:15: select * from `ims_yz_setting` where `group` = 'plugin' and `uniacid` = '6'
2019-01-30 08:46:15: select sum(`level`) as aggregate from `ims_yz_comment` where `ims_yz_comment`.`uniacid` = '6' and `goods_id` in (103, 104, 178, 183, 186, 188, 189, 190) and `comment_id` = 0 and `ims_yz_comment`.`deleted_at` is null
2019-01-30 08:46:15: select count(*) as aggregate from `ims_yz_comment` where `ims_yz_comment`.`uniacid` = '6' and `goods_id` in (103, 104, 178, 183, 186, 188, 189, 190) and `comment_id` = 0 and `ims_yz_comment`.`deleted_at` is null
2019-01-30 08:46:15: select count(*) as aggregate from `ims_yz_plugin_store_order` where `store_id` = 6
2019-01-30 08:46:15: select * from `ims_modules` where `name` = 'yun_shop' and `type` = 'biz' limit 1
2019-01-30 08:46:15: select `areaname` from `ims_yz_address` where `id` in (, , , )
2019-01-30 08:46:15: select * from `ims_yz_store_goods` where `store_id` = 7
2019-01-30 08:46:15: select sum(`level`) as aggregate from `ims_yz_comment` where `ims_yz_comment`.`uniacid` = '6' and 0 = 1 and `comment_id` = 0 and `ims_yz_comment`.`deleted_at` is null
2019-01-30 08:46:15: select `is_course` from `ims_yz_video_course_goods` where `ims_yz_video_course_goods`.`uniacid` = '6' and `goods_id` = 202 and `ims_yz_video_course_goods`.`deleted_at` is null limit 1
2019-01-30 08:46:15: select count(*) as aggregate from `ims_yz_comment` where `ims_yz_comment`.`uniacid` = '6' and 0 = 1 and `comment_id` = 0 and `ims_yz_comment`.`deleted_at` is null
2019-01-30 08:46:15: select count(*) as aggregate from `ims_yz_plugin_store_order` where `store_id` = 7
2019-01-30 08:46:15: select `areaname` from `ims_yz_address` where `id` in (, , , )
2019-01-30 08:46:15: select * from `ims_yz_store_goods` where `store_id` = 8
2019-01-30 08:46:15: select sum(`level`) as aggregate from `ims_yz_comment` where `ims_yz_comment`.`uniacid` = '6' and `goods_id` in (198) and `comment_id` = 0 and `ims_yz_comment`.`deleted_at` is null
2019-01-30 08:46:15: select count(*) as aggregate from `ims_yz_comment` where `ims_yz_comment`.`uniacid` = '6' and `goods_id` in (198) and `comment_id` = 0 and `ims_yz_comment`.`deleted_at` is null
2019-01-30 08:46:15: select count(*) as aggregate from `ims_yz_plugin_store_order` where `store_id` = 8
2019-01-30 09:22:57: select * from `ims_yz_options` where `uniacid` = 6 or `uniacid` = 0
2019-01-30 09:22:57: select * from `ims_yz_area_dividend_agent` where `ims_yz_area_dividend_agent`.`uniacid` = 6 and `user_id` = '1' and `ims_yz_area_dividend_agent`.`deleted_at` is null limit 1
2019-01-30 09:22:57: select * from `ims_yz_hotel` where `user_uid` = '1' and `ims_yz_hotel`.`uniacid` = 6 limit 1
2019-01-30 09:22:57: select * from `ims_yz_options` where `uniacid` = 6 or `uniacid` = 0
2019-01-30 09:22:58: select * from `ims_yz_store` where `user_uid` = '1' and `ims_yz_store`.`uniacid` = 6 limit 1
2019-01-30 09:22:58: select * from `ims_yz_supplier` where `uid` = '1' limit 1
2019-01-30 09:22:58: select * from `ims_yz_supplier` where `uid` = '1' limit 1
2019-01-30 09:22:59: select * from information_schema.tables where table_schema = 'db_shop' and table_name = 'ims_migrations'
2019-01-30 09:22:59: select `migration` from `ims_migrations` order by `batch` asc, `migration` asc
2019-01-30 09:22:59: select * from information_schema.tables where table_schema = 'db_shop' and table_name = 'ims_migrations'
2019-01-30 09:22:59: select `migration` from `ims_migrations` order by `batch` asc, `migration` asc
2019-01-30 09:22:59: select * from information_schema.tables where table_schema = 'db_shop' and table_name = 'ims_migrations'
2019-01-30 09:22:59: select `migration` from `ims_migrations` order by `batch` asc, `migration` asc
2019-01-30 09:22:59: select * from information_schema.tables where table_schema = 'db_shop' and table_name = 'ims_migrations'
2019-01-30 09:22:59: select `migration` from `ims_migrations` order by `batch` asc, `migration` asc
2019-01-30 09:22:59: select * from information_schema.tables where table_schema = 'db_shop' and table_name = 'ims_migrations'
2019-01-30 09:22:59: select `migration` from `ims_migrations` order by `batch` asc, `migration` asc
2019-01-30 09:22:59: select * from information_schema.tables where table_schema = 'db_shop' and table_name = 'ims_migrations'
2019-01-30 09:22:59: select `migration` from `ims_migrations` order by `batch` asc, `migration` asc
2019-01-30 09:22:59: select * from information_schema.tables where table_schema = 'db_shop' and table_name = 'ims_migrations'
2019-01-30 09:22:59: select `migration` from `ims_migrations` order by `batch` asc, `migration` asc
2019-01-30 09:23:00: select * from information_schema.tables where table_schema = 'db_shop' and table_name = 'ims_migrations'
2019-01-30 09:23:00: select `migration` from `ims_migrations` order by `batch` asc, `migration` asc
2019-01-30 09:23:00: select * from information_schema.tables where table_schema = 'db_shop' and table_name = 'ims_migrations'
2019-01-30 09:23:00: select `migration` from `ims_migrations` order by `batch` asc, `migration` asc
2019-01-30 09:23:00: select * from information_schema.tables where table_schema = 'db_shop' and table_name = 'ims_migrations'
2019-01-30 09:23:00: select `migration` from `ims_migrations` order by `batch` asc, `migration` asc
2019-01-30 09:23:00: select * from information_schema.tables where table_schema = 'db_shop' and table_name = 'ims_migrations'
2019-01-30 09:23:00: select `migration` from `ims_migrations` order by `batch` asc, `migration` asc
2019-01-30 09:23:00: select * from information_schema.tables where table_schema = 'db_shop' and table_name = 'ims_migrations'
2019-01-30 09:23:00: select `migration` from `ims_migrations` order by `batch` asc, `migration` asc
2019-01-30 09:23:00: select * from information_schema.tables where table_schema = 'db_shop' and table_name = 'ims_migrations'
2019-01-30 09:23:00: select `migration` from `ims_migrations` order by `batch` asc, `migration` asc
2019-01-30 09:23:00: select * from information_schema.tables where table_schema = 'db_shop' and table_name = 'ims_migrations'
2019-01-30 09:23:00: select `migration` from `ims_migrations` order by `batch` asc, `migration` asc
2019-01-30 09:23:01: select * from information_schema.tables where table_schema = 'db_shop' and table_name = 'ims_migrations'
2019-01-30 09:23:01: select `migration` from `ims_migrations` order by `batch` asc, `migration` asc
2019-01-30 09:23:01: select * from information_schema.tables where table_schema = 'db_shop' and table_name = 'ims_migrations'
2019-01-30 09:23:01: select `migration` from `ims_migrations` order by `batch` asc, `migration` asc
2019-01-30 09:23:01: select * from information_schema.tables where table_schema = 'db_shop' and table_name = 'ims_migrations'
2019-01-30 09:23:01: select `migration` from `ims_migrations` order by `batch` asc, `migration` asc
2019-01-30 09:23:01: select * from information_schema.tables where table_schema = 'db_shop' and table_name = 'ims_migrations'
2019-01-30 09:23:01: select `migration` from `ims_migrations` order by `batch` asc, `migration` asc
2019-01-30 09:23:01: select * from information_schema.tables where table_schema = 'db_shop' and table_name = 'ims_migrations'
2019-01-30 09:23:01: select `migration` from `ims_migrations` order by `batch` asc, `migration` asc
2019-01-30 09:23:01: select * from information_schema.tables where table_schema = 'db_shop' and table_name = 'ims_migrations'
2019-01-30 09:23:01: select `migration` from `ims_migrations` order by `batch` asc, `migration` asc
2019-01-30 09:23:01: select * from information_schema.tables where table_schema = 'db_shop' and table_name = 'ims_migrations'
2019-01-30 09:23:01: select `migration` from `ims_migrations` order by `batch` asc, `migration` asc
2019-01-30 09:23:02: select * from information_schema.tables where table_schema = 'db_shop' and table_name = 'ims_migrations'
2019-01-30 09:23:02: select `migration` from `ims_migrations` order by `batch` asc, `migration` asc
2019-01-30 09:23:02: select * from information_schema.tables where table_schema = 'db_shop' and table_name = 'ims_migrations'
2019-01-30 09:23:02: select `migration` from `ims_migrations` order by `batch` asc, `migration` asc
2019-01-30 09:23:02: select * from information_schema.tables where table_schema = 'db_shop' and table_name = 'ims_migrations'
2019-01-30 09:23:02: select `migration` from `ims_migrations` order by `batch` asc, `migration` asc
2019-01-30 09:23:02: select * from information_schema.tables where table_schema = 'db_shop' and table_name = 'ims_migrations'
2019-01-30 09:23:02: select `migration` from `ims_migrations` order by `batch` asc, `migration` asc
2019-01-30 09:23:02: select * from information_schema.tables where table_schema = 'db_shop' and table_name = 'ims_migrations'
2019-01-30 09:23:02: select `migration` from `ims_migrations` order by `batch` asc, `migration` asc
2019-01-30 09:23:02: select * from information_schema.tables where table_schema = 'db_shop' and table_name = 'ims_migrations'
2019-01-30 09:23:02: select `migration` from `ims_migrations` order by `batch` asc, `migration` asc
2019-01-30 09:23:02: select * from information_schema.tables where table_schema = 'db_shop' and table_name = 'ims_migrations'
2019-01-30 09:23:02: select `migration` from `ims_migrations` order by `batch` asc, `migration` asc
2019-01-30 09:23:03: select * from information_schema.tables where table_schema = 'db_shop' and table_name = 'ims_migrations'
2019-01-30 09:23:03: select `migration` from `ims_migrations` order by `batch` asc, `migration` asc
2019-01-30 09:23:03: select * from information_schema.tables where table_schema = 'db_shop' and table_name = 'ims_migrations'
2019-01-30 09:23:03: select `migration` from `ims_migrations` order by `batch` asc, `migration` asc
2019-01-30 09:23:03: select * from information_schema.tables where table_schema = 'db_shop' and table_name = 'ims_migrations'
2019-01-30 09:23:03: select `migration` from `ims_migrations` order by `batch` asc, `migration` asc
2019-01-30 09:23:03: select * from information_schema.tables where table_schema = 'db_shop' and table_name = 'ims_migrations'
2019-01-30 09:23:03: select `migration` from `ims_migrations` order by `batch` asc, `migration` asc
2019-01-30 09:23:03: select * from information_schema.tables where table_schema = 'db_shop' and table_name = 'ims_migrations'
2019-01-30 09:23:03: select `migration` from `ims_migrations` order by `batch` asc, `migration` asc
2019-01-30 09:23:03: select * from information_schema.tables where table_schema = 'db_shop' and table_name = 'ims_migrations'
2019-01-30 09:23:03: select `migration` from `ims_migrations` order by `batch` asc, `migration` asc
2019-01-30 09:23:03: select * from information_schema.tables where table_schema = 'db_shop' and table_name = 'ims_migrations'
2019-01-30 09:23:04: select `migration` from `ims_migrations` order by `batch` asc, `migration` asc
2019-01-30 09:23:04: select * from information_schema.tables where table_schema = 'db_shop' and table_name = 'ims_migrations'
2019-01-30 09:23:04: select `migration` from `ims_migrations` order by `batch` asc, `migration` asc
2019-01-30 09:23:04: select * from information_schema.tables where table_schema = 'db_shop' and table_name = 'ims_migrations'
2019-01-30 09:23:04: select `migration` from `ims_migrations` order by `batch` asc, `migration` asc
2019-01-30 09:23:04: select * from information_schema.tables where table_schema = 'db_shop' and table_name = 'ims_migrations'
2019-01-30 09:23:04: select `migration` from `ims_migrations` order by `batch` asc, `migration` asc
2019-01-30 09:23:04: select * from information_schema.tables where table_schema = 'db_shop' and table_name = 'ims_migrations'
2019-01-30 09:23:04: select `migration` from `ims_migrations` order by `batch` asc, `migration` asc
2019-01-30 09:23:04: select * from information_schema.tables where table_schema = 'db_shop' and table_name = 'ims_migrations'
2019-01-30 09:23:04: select `migration` from `ims_migrations` order by `batch` asc, `migration` asc
2019-01-30 09:23:04: select * from information_schema.tables where table_schema = 'db_shop' and table_name = 'ims_migrations'
2019-01-30 09:23:04: select `migration` from `ims_migrations` order by `batch` asc, `migration` asc
2019-01-30 09:23:05: select * from information_schema.tables where table_schema = 'db_shop' and table_name = 'ims_migrations'
2019-01-30 09:23:05: select `migration` from `ims_migrations` order by `batch` asc, `migration` asc
2019-01-30 09:23:05: select * from information_schema.tables where table_schema = 'db_shop' and table_name = 'ims_migrations'
2019-01-30 09:23:05: select `migration` from `ims_migrations` order by `batch` asc, `migration` asc
2019-01-30 09:23:05: select * from information_schema.tables where table_schema = 'db_shop' and table_name = 'ims_migrations'
2019-01-30 09:23:05: select `migration` from `ims_migrations` order by `batch` asc, `migration` asc
2019-01-30 09:23:05: select * from information_schema.tables where table_schema = 'db_shop' and table_name = 'ims_migrations'
2019-01-30 09:23:05: select `migration` from `ims_migrations` order by `batch` asc, `migration` asc
2019-01-30 09:23:05: select * from information_schema.tables where table_schema = 'db_shop' and table_name = 'ims_migrations'
2019-01-30 09:23:05: select `migration` from `ims_migrations` order by `batch` asc, `migration` asc
2019-01-30 09:23:05: select * from information_schema.tables where table_schema = 'db_shop' and table_name = 'ims_migrations'
2019-01-30 09:23:05: select `migration` from `ims_migrations` order by `batch` asc, `migration` asc
2019-01-30 09:23:06: select * from `ims_yz_options` where `option_name` = 'test-plugins'
2019-01-30 09:23:06: select * from `ims_yz_options` where `uniacid` = 6 or `uniacid` = 0
2019-01-30 09:23:06: select * from `ims_yz_area_dividend_agent` where `ims_yz_area_dividend_agent`.`uniacid` = 6 and `user_id` = '1' and `ims_yz_area_dividend_agent`.`deleted_at` is null limit 1
2019-01-30 09:23:06: select * from `ims_yz_hotel` where `user_uid` = '1' and `ims_yz_hotel`.`uniacid` = 6 limit 1
2019-01-30 09:23:06: select * from `ims_yz_options` where `uniacid` = 6 or `uniacid` = 0
2019-01-30 09:23:06: select * from `ims_yz_store` where `user_uid` = '1' and `ims_yz_store`.`uniacid` = 6 limit 1
2019-01-30 09:23:06: select * from `ims_yz_supplier` where `uid` = '1' limit 1
2019-01-30 09:23:06: select * from `ims_yz_supplier` where `uid` = '1' limit 1
2019-01-30 09:23:06: select * from `ims_modules` where `name` = 'yun_shop' and `type` = 'biz' limit 1
2019-01-30 09:23:06: select * from `ims_yz_options` where `uniacid` = 6 or `uniacid` = 0
2019-01-30 09:23:07: select * from `ims_yz_supplier` where `uid` = '1' limit 1
2019-01-30 09:23:29: select * from `ims_yz_options` where `uniacid` = 6 or `uniacid` = 0
2019-01-30 09:23:29: select * from `ims_yz_area_dividend_agent` where `ims_yz_area_dividend_agent`.`uniacid` = 6 and `user_id` = '1' and `ims_yz_area_dividend_agent`.`deleted_at` is null limit 1
2019-01-30 09:23:29: select * from `ims_yz_hotel` where `user_uid` = '1' and `ims_yz_hotel`.`uniacid` = 6 limit 1
2019-01-30 09:23:29: select * from `ims_yz_options` where `uniacid` = 6 or `uniacid` = 0
2019-01-30 09:23:29: select * from `ims_yz_store` where `user_uid` = '1' and `ims_yz_store`.`uniacid` = 6 limit 1
2019-01-30 09:23:29: select * from `ims_yz_supplier` where `uid` = '1' limit 1
2019-01-30 09:23:29: select * from `ims_yz_supplier` where `uid` = '1' limit 1
2019-01-30 09:23:29: select * from `ims_modules` where `name` = 'yun_shop' and `type` = 'biz' limit 1
2019-01-30 09:23:29: select sum(`price`) as aggregate from `ims_yz_order` where `is_plugin` = 0 and `plugin_id` = 0 and `ims_yz_order`.`uniacid` = 6
2019-01-30 09:23:29: select count(*) as aggregate from `ims_yz_order` where `is_plugin` = 0 and `plugin_id` = 0 and `ims_yz_order`.`uniacid` = 6
2019-01-30 09:23:29: select * from `ims_yz_order` where `is_plugin` = 0 and `plugin_id` = 0 and `ims_yz_order`.`uniacid` = 6 order by `ims_yz_order`.`id` desc limit 10 offset 0
2019-01-30 09:23:29: select `uid`, `mobile`, `nickname`, `realname`, `avatar` from `ims_mc_members` where `ims_mc_members`.`uid` in (2461, 2455)
2019-01-30 09:23:29: select `id`, `order_id`, `goods_id`, `goods_price`, `total`, `goods_option_title`, `price`, `goods_market_price`, `goods_cost_price`, `thumb`, `title`, `goods_sn`, `payment_amount`, `deduction_amount` from `ims_yz_order_goods` where `ims_yz_order_goods`.`order_id` in (682, 681, 680, 679, 678, 677, 675, 668, 667, 666)
2019-01-30 09:23:29: select * from `ims_yz_goods` where `ims_yz_goods`.`id` in (109, 100, 99) and `ims_yz_goods`.`deleted_at` is null and `ims_yz_goods`.`uniacid` = 6 and `is_plugin` = 0
2019-01-30 09:23:29: select * from `ims_yz_dispatch_type` where `ims_yz_dispatch_type`.`id` in (1, 4)
2019-01-30 09:23:29: select * from `ims_yz_pay_type` where `ims_yz_pay_type`.`id` in (5, 3, 0)
2019-01-30 09:23:29: select * from `ims_yz_order_address` where `ims_yz_order_address`.`order_id` in (682, 681, 680, 679, 678, 677, 675, 668, 667, 666)
2019-01-30 09:23:29: select * from `ims_yz_order_express` where `ims_yz_order_express`.`order_id` in (682, 681, 680, 679, 678, 677, 675, 668, 667, 666)
2019-01-30 09:23:29: select * from `ims_yz_process` where `model_type` = 'app\common\models\Order' and `ims_yz_process`.`model_id` in (682, 681, 680, 679, 678, 677, 675, 668, 667, 666) and `ims_yz_process`.`deleted_at` is null
2019-01-30 09:23:29: select * from `ims_yz_order_refund` where `ims_yz_order_refund`.`id` in (0) and `ims_yz_order_refund`.`uniacid` = 6 order by `created_at` desc
2019-01-30 09:23:29: select * from `ims_yz_order_remark` where `ims_yz_order_remark`.`order_id` in (682, 681, 680, 679, 678, 677, 675, 668, 667, 666)
2019-01-30 09:23:29: select * from `ims_yz_order_pay` where `ims_yz_order_pay`.`id` in ('23', '1130', '1129', '', '0', '1126', '1122', '1121', '1120')
2019-01-30 09:23:29: select * from `ims_yz_pay_type` where `ims_yz_pay_type`.`id` in (5)
2019-01-30 09:23:30: select * from `ims_yz_options` where `uniacid` = 6 or `uniacid` = 0
2019-01-30 09:23:30: select * from `ims_yz_supplier` where `uid` = '1' limit 1
2019-01-30 09:25:47: select * from `ims_yz_options` where `uniacid` = 6 or `uniacid` = 0
2019-01-30 09:25:47: select * from `ims_yz_area_dividend_agent` where `ims_yz_area_dividend_agent`.`uniacid` = 6 and `user_id` = '1' and `ims_yz_area_dividend_agent`.`deleted_at` is null limit 1
2019-01-30 09:25:47: select * from `ims_yz_hotel` where `user_uid` = '1' and `ims_yz_hotel`.`uniacid` = 6 limit 1
2019-01-30 09:25:47: select * from `ims_yz_options` where `uniacid` = 6 or `uniacid` = 0
2019-01-30 09:25:47: select * from `ims_yz_store` where `user_uid` = '1' and `ims_yz_store`.`uniacid` = 6 limit 1
2019-01-30 09:25:47: select * from `ims_yz_supplier` where `uid` = '1' limit 1
2019-01-30 09:25:47: select * from `ims_yz_supplier` where `uid` = '1' limit 1
2019-01-30 09:25:48: select * from `ims_modules` where `name` = 'yun_shop' and `type` = 'biz' limit 1
2019-01-30 09:25:48: select sum(`price`) as aggregate from `ims_yz_order` where `is_plugin` = 0 and `plugin_id` = 0 and exists (select * from `ims_yz_order_refund` where `ims_yz_order_refund`.`id` = `ims_yz_order`.`refund_id` and `status` >= '0' and `status` < '6' and `ims_yz_order_refund`.`uniacid` = 6) and exists (select * from `ims_yz_order_refund` where `ims_yz_order_refund`.`id` = `ims_yz_order`.`refund_id` and `status` >= '0' and `status` < '6' and `ims_yz_order_refund`.`uniacid` = 6) and `ims_yz_order`.`uniacid` = 6
2019-01-30 09:25:48: select count(*) as aggregate from `ims_yz_order` where `is_plugin` = 0 and `plugin_id` = 0 and exists (select * from `ims_yz_order_refund` where `ims_yz_order_refund`.`id` = `ims_yz_order`.`refund_id` and `status` >= '0' and `status` < '6' and `ims_yz_order_refund`.`uniacid` = 6) and exists (select * from `ims_yz_order_refund` where `ims_yz_order_refund`.`id` = `ims_yz_order`.`refund_id` and `status` >= '0' and `status` < '6' and `ims_yz_order_refund`.`uniacid` = 6) and `ims_yz_order`.`uniacid` = 6
2019-01-30 09:25:48: select * from `ims_yz_options` where `uniacid` = 6 or `uniacid` = 0
2019-01-30 09:25:48: select * from `ims_yz_supplier` where `uid` = '1' limit 1
2019-01-30 10:24:31: select * from `ims_yz_options` where `uniacid` = '6' or `uniacid` = 0
2019-01-30 10:24:31: select * from `ims_yz_options` where `uniacid` = '6' or `uniacid` = 0
2019-01-30 10:24:31: select * from `ims_yz_supplier` where `uid` is null limit 1
2019-01-30 10:24:31: select * from `ims_yz_supplier` where `uid` is null limit 1
2019-01-30 10:24:31: select * from `ims_yz_setting` where `group` = 'shop' and `uniacid` = '6'
2019-01-30 10:24:31: select * from `ims_modules` where `name` = 'yun_shop' and `type` = 'biz' limit 1
2019-01-30 10:24:31: select * from `ims_uni_account` where `ims_uni_account`.`uniacid` = '6' limit 1
2019-01-30 10:24:31: select * from `ims_yz_member_relation` where `ims_yz_member_relation`.`uniacid` = '6' limit 1
2019-01-30 10:24:31: select * from `ims_yz_member_del_log` where `member_id` = '2455' and `ims_yz_member_del_log`.`deleted_at` is null limit 1
2019-01-30 10:24:31: select * from `ims_yz_member` where `member_id` = '2455' and `ims_yz_member`.`uniacid` = '6' and `ims_yz_member`.`deleted_at` is null and `ims_yz_member`.`uniacid` = '6' limit 1
2019-01-30 10:24:31: select * from `ims_yz_member` where `member_id` = '2455' and `ims_yz_member`.`uniacid` = '6' and `ims_yz_member`.`deleted_at` is null and `ims_yz_member`.`uniacid` = '6' limit 1
2019-01-30 10:24:31: select * from `ims_yz_member` where `member_id` = '2455' and `ims_yz_member`.`uniacid` = '6' and `ims_yz_member`.`deleted_at` is null and `ims_yz_member`.`uniacid` = '6' limit 1
2019-01-30 10:24:31: select * from `ims_yz_member_relation` where `ims_yz_member_relation`.`uniacid` = '6' limit 1
2019-01-30 10:24:32: select * from `ims_yz_member` where `member_id` = 2455 and `ims_yz_member`.`uniacid` = '6' and `ims_yz_member`.`deleted_at` is null and `ims_yz_member`.`uniacid` = '6' limit 1
2019-01-30 10:24:32: select count(*) as aggregate from `ims_yz_hotel_goods` where `goods_id` = '202'
2019-01-30 10:24:32: select * from `ims_mc_members` where `ims_mc_members`.`uid` = '2455' limit 1
2019-01-30 10:24:32: select * from `ims_yz_goods` where `ims_yz_goods`.`id` = '202' and `ims_yz_goods`.`deleted_at` is null and `ims_yz_goods`.`uniacid` = '6' limit 1
2019-01-30 10:24:32: select * from `ims_yz_goods_privilege` where `ims_yz_goods_privilege`.`goods_id` = 202 and `ims_yz_goods_privilege`.`goods_id` is not null limit 1
2019-01-30 10:24:32: select * from `ims_mc_members` where `ims_mc_members`.`uid` = 2455 limit 1
2019-01-30 10:24:32: select * from `ims_yz_goods_option` where `ims_yz_goods_option`.`id` = '' limit 1
2019-01-30 10:24:32: select * from `ims_yz_hotel` where `ims_yz_hotel`.`id` = '1' and `ims_yz_hotel`.`uniacid` = '6' limit 1
2019-01-30 10:24:32: select * from `ims_yz_hotel` where `ims_yz_hotel`.`id` = '1' and `ims_yz_hotel`.`id` is not null and `ims_yz_hotel`.`uniacid` = '6' limit 1
2019-01-30 10:24:32: select * from `ims_yz_hotel_setting` where `ims_yz_hotel_setting`.`hotel_id` = 1 and `ims_yz_hotel_setting`.`hotel_id` is not null
