[2019-01-29 14:50:30] dev.ERROR: exception 'PDOException' with message 'SQLSTATE[23000]: Integrity constraint violation: 1062 Duplicate entry '4' for key 'PRIMARY'' in C:\Users\Administrator\phpStudy\WWW\addons\yun_shop\vendor\doctrine\dbal\lib\Doctrine\DBAL\Driver\PDOStatement.php:91
Stack trace:
#0 C:\Users\Administrator\phpStudy\WWW\addons\yun_shop\vendor\doctrine\dbal\lib\Doctrine\DBAL\Driver\PDOStatement.php(91): PDOStatement->execute(NULL)
#1 C:\Users\Administrator\phpStudy\WWW\addons\yun_shop\vendor\laravel\framework\src\Illuminate\Database\Connection.php(480): Doctrine\DBAL\Driver\PDOStatement->execute()
#2 C:\Users\Administrator\phpStudy\WWW\addons\yun_shop\vendor\laravel\framework\src\Illuminate\Database\Connection.php(763): Illuminate\Database\Connection->Illuminate\Database\{closure}(Object(Illuminate\Database\MySqlConnection), 'insert into `im...', Array)
#3 C:\Users\Administrator\phpStudy\WWW\addons\yun_shop\vendor\laravel\framework\src\Illuminate\Database\Connection.php(726): Illuminate\Database\Connection->runQueryCallback('insert into `im...', Array, Object(Closure))
#4 C:\Users\Administrator\phpStudy\WWW\addons\yun_shop\vendor\laravel\framework\src\Illuminate\Database\Connection.php(481): Illuminate\Database\Connection->run('insert into `im...', Array, Object(Closure))
#5 C:\Users\Administrator\phpStudy\WWW\addons\yun_shop\vendor\laravel\framework\src\Illuminate\Database\Connection.php(435): Illuminate\Database\Connection->statement('insert into `im...', Array)
#6 C:\Users\Administrator\phpStudy\WWW\addons\yun_shop\vendor\laravel\framework\src\Illuminate\Database\Query\Builder.php(2138): Illuminate\Database\Connection->insert('insert into `im...', Array)
#7 C:\Users\Administrator\phpStudy\WWW\addons\yun_shop\vendor\laravel\framework\src\Illuminate\Database\Eloquent\Builder.php(1470): Illuminate\Database\Query\Builder->insert(Array)
#8 C:\Users\Administrator\phpStudy\WWW\addons\yun_shop\vendor\laravel\framework\src\Illuminate\Database\Eloquent\Model.php(3568): Illuminate\Database\Eloquent\Builder->__call('insert', Array)
#9 C:\Users\Administrator\phpStudy\WWW\addons\yun_shop\vendor\laravel\framework\src\Illuminate\Database\Eloquent\Model.php(3568): app\framework\Database\Eloquent\Builder->insert(Array)
#10 C:\Users\Administrator\phpStudy\WWW\addons\yun_shop\vendor\laravel\framework\src\Illuminate\Database\Eloquent\Model.php(3580): Illuminate\Database\Eloquent\Model->__call('insert', Array)
#11 C:\Users\Administrator\phpStudy\WWW\addons\yun_shop\vendor\laravel\framework\src\Illuminate\Database\Eloquent\Model.php(3580): app\common\models\DispatchType->insert(Array)
#12 C:\Users\Administrator\phpStudy\WWW\addons\yun_shop\database\migrations\2019_01_29_144005_add_hotel_to_yz_dispatch_type_table.php(19): Illuminate\Database\Eloquent\Model::__callStatic('insert', Array)
#13 C:\Users\Administrator\phpStudy\WWW\addons\yun_shop\database\migrations\2019_01_29_144005_add_hotel_to_yz_dispatch_type_table.php(19): app\common\models\DispatchType::insert(Array)
#14 C:\Users\Administrator\phpStudy\WWW\addons\yun_shop\vendor\laravel\framework\src\Illuminate\Database\Migrations\Migrator.php(373): AddHotelToYzDispatchTypeTable->up()
#15 C:\Users\Administrator\phpStudy\WWW\addons\yun_shop\vendor\laravel\framework\src\Illuminate\Database\Migrations\Migrator.php(380): Illuminate\Database\Migrations\Migrator->Illuminate\Database\Migrations\{closure}()
#16 C:\Users\Administrator\phpStudy\WWW\addons\yun_shop\vendor\laravel\framework\src\Illuminate\Database\Migrations\Migrator.php(162): Illuminate\Database\Migrations\Migrator->runMigration(Object(AddHotelToYzDispatchTypeTable), 'up')
#17 C:\Users\Administrator\phpStudy\WWW\addons\yun_shop\vendor\laravel\framework\src\Illuminate\Database\Migrations\Migrator.php(130): Illuminate\Database\Migrations\Migrator->runUp('C:\\Users\\Admini...', 175, false)
#18 C:\Users\Administrator\phpStudy\WWW\addons\yun_shop\vendor\laravel\framework\src\Illuminate\Database\Migrations\Migrator.php(97): Illuminate\Database\Migrations\Migrator->runMigrationList(Array, Array)
#19 C:\Users\Administrator\phpStudy\WWW\addons\yun_shop\vendor\laravel\framework\src\Illuminate\Database\Console\Migrations\MigrateCommand.php(66): Illuminate\Database\Migrations\Migrator->run(Array, Array)
#20 [internal function]: Illuminate\Database\Console\Migrations\MigrateCommand->fire()
#21 C:\Users\Administrator\phpStudy\WWW\addons\yun_shop\vendor\laravel\framework\src\Illuminate\Container\Container.php(508): call_user_func_array(Array, Array)
#22 C:\Users\Administrator\phpStudy\WWW\addons\yun_shop\vendor\laravel\framework\src\Illuminate\Console\Command.php(169): Illuminate\Container\Container->call(Array)
#23 C:\Users\Administrator\phpStudy\WWW\addons\yun_shop\vendor\symfony\console\Command\Command.php(261): Illuminate\Console\Command->execute(Object(Symfony\Component\Console\Input\ArgvInput), Object(Symfony\Component\Console\Output\ConsoleOutput))
#24 C:\Users\Administrator\phpStudy\WWW\addons\yun_shop\vendor\laravel\framework\src\Illuminate\Console\Command.php(155): Symfony\Component\Console\Command\Command->run(Object(Symfony\Component\Console\Input\ArgvInput), Object(Symfony\Component\Console\Output\ConsoleOutput))
#25 C:\Users\Administrator\phpStudy\WWW\addons\yun_shop\vendor\symfony\console\Application.php(817): Illuminate\Console\Command->run(Object(Symfony\Component\Console\Input\ArgvInput), Object(Symfony\Component\Console\Output\ConsoleOutput))
#26 C:\Users\Administrator\phpStudy\WWW\addons\yun_shop\vendor\symfony\console\Application.php(185): Symfony\Component\Console\Application->doRunCommand(Object(Illuminate\Database\Console\Migrations\MigrateCommand), Object(Symfony\Component\Console\Input\ArgvInput), Object(Symfony\Component\Console\Output\ConsoleOutput))
#27 C:\Users\Administrator\phpStudy\WWW\addons\yun_shop\vendor\symfony\console\Application.php(116): Symfony\Component\Console\Application->doRun(Object(Symfony\Component\Console\Input\ArgvInput), Object(Symfony\Component\Console\Output\ConsoleOutput))
#28 C:\Users\Administrator\phpStudy\WWW\addons\yun_shop\vendor\laravel\framework\src\Illuminate\Foundation\Console\Kernel.php(121): Symfony\Component\Console\Application->run(Object(Symfony\Component\Console\Input\ArgvInput), Object(Symfony\Component\Console\Output\ConsoleOutput))
#29 C:\Users\Administrator\phpStudy\WWW\addons\yun_shop\artisan(38): Illuminate\Foundation\Console\Kernel->handle(Object(Symfony\Component\Console\Input\ArgvInput), Object(Symfony\Component\Console\Output\ConsoleOutput))
#30 {main}

Next exception 'Doctrine\DBAL\Driver\PDOException' with message 'SQLSTATE[23000]: Integrity constraint violation: 1062 Duplicate entry '4' for key 'PRIMARY'' in C:\Users\Administrator\phpStudy\WWW\addons\yun_shop\vendor\doctrine\dbal\lib\Doctrine\DBAL\Driver\PDOStatement.php:93
Stack trace:
#0 C:\Users\Administrator\phpStudy\WWW\addons\yun_shop\vendor\laravel\framework\src\Illuminate\Database\Connection.php(480): Doctrine\DBAL\Driver\PDOStatement->execute()
#1 C:\Users\Administrator\phpStudy\WWW\addons\yun_shop\vendor\laravel\framework\src\Illuminate\Database\Connection.php(763): Illuminate\Database\Connection->Illuminate\Database\{closure}(Object(Illuminate\Database\MySqlConnection), 'insert into `im...', Array)
#2 C:\Users\Administrator\phpStudy\WWW\addons\yun_shop\vendor\laravel\framework\src\Illuminate\Database\Connection.php(726): Illuminate\Database\Connection->runQueryCallback('insert into `im...', Array, Object(Closure))
#3 C:\Users\Administrator\phpStudy\WWW\addons\yun_shop\vendor\laravel\framework\src\Illuminate\Database\Connection.php(481): Illuminate\Database\Connection->run('insert into `im...', Array, Object(Closure))
#4 C:\Users\Administrator\phpStudy\WWW\addons\yun_shop\vendor\laravel\framework\src\Illuminate\Database\Connection.php(435): Illuminate\Database\Connection->statement('insert into `im...', Array)
#5 C:\Users\Administrator\phpStudy\WWW\addons\yun_shop\vendor\laravel\framework\src\Illuminate\Database\Query\Builder.php(2138): Illuminate\Database\Connection->insert('insert into `im...', Array)
#6 C:\Users\Administrator\phpStudy\WWW\addons\yun_shop\vendor\laravel\framework\src\Illuminate\Database\Eloquent\Builder.php(1470): Illuminate\Database\Query\Builder->insert(Array)
#7 C:\Users\Administrator\phpStudy\WWW\addons\yun_shop\vendor\laravel\framework\src\Illuminate\Database\Eloquent\Model.php(3568): Illuminate\Database\Eloquent\Builder->__call('insert', Array)
#8 C:\Users\Administrator\phpStudy\WWW\addons\yun_shop\vendor\laravel\framework\src\Illuminate\Database\Eloquent\Model.php(3568): app\framework\Database\Eloquent\Builder->insert(Array)
#9 C:\Users\Administrator\phpStudy\WWW\addons\yun_shop\vendor\laravel\framework\src\Illuminate\Database\Eloquent\Model.php(3580): Illuminate\Database\Eloquent\Model->__call('insert', Array)
#10 C:\Users\Administrator\phpStudy\WWW\addons\yun_shop\vendor\laravel\framework\src\Illuminate\Database\Eloquent\Model.php(3580): app\common\models\DispatchType->insert(Array)
#11 C:\Users\Administrator\phpStudy\WWW\addons\yun_shop\database\migrations\2019_01_29_144005_add_hotel_to_yz_dispatch_type_table.php(19): Illuminate\Database\Eloquent\Model::__callStatic('insert', Array)
#12 C:\Users\Administrator\phpStudy\WWW\addons\yun_shop\database\migrations\2019_01_29_144005_add_hotel_to_yz_dispatch_type_table.php(19): app\common\models\DispatchType::insert(Array)
#13 C:\Users\Administrator\phpStudy\WWW\addons\yun_shop\vendor\laravel\framework\src\Illuminate\Database\Migrations\Migrator.php(373): AddHotelToYzDispatchTypeTable->up()
#14 C:\Users\Administrator\phpStudy\WWW\addons\yun_shop\vendor\laravel\framework\src\Illuminate\Database\Migrations\Migrator.php(380): Illuminate\Database\Migrations\Migrator->Illuminate\Database\Migrations\{closure}()
#15 C:\Users\Administrator\phpStudy\WWW\addons\yun_shop\vendor\laravel\framework\src\Illuminate\Database\Migrations\Migrator.php(162): Illuminate\Database\Migrations\Migrator->runMigration(Object(AddHotelToYzDispatchTypeTable), 'up')
#16 C:\Users\Administrator\phpStudy\WWW\addons\yun_shop\vendor\laravel\framework\src\Illuminate\Database\Migrations\Migrator.php(130): Illuminate\Database\Migrations\Migrator->runUp('C:\\Users\\Admini...', 175, false)
#17 C:\Users\Administrator\phpStudy\WWW\addons\yun_shop\vendor\laravel\framework\src\Illuminate\Database\Migrations\Migrator.php(97): Illuminate\Database\Migrations\Migrator->runMigrationList(Array, Array)
#18 C:\Users\Administrator\phpStudy\WWW\addons\yun_shop\vendor\laravel\framework\src\Illuminate\Database\Console\Migrations\MigrateCommand.php(66): Illuminate\Database\Migrations\Migrator->run(Array, Array)
#19 [internal function]: Illuminate\Database\Console\Migrations\MigrateCommand->fire()
#20 C:\Users\Administrator\phpStudy\WWW\addons\yun_shop\vendor\laravel\framework\src\Illuminate\Container\Container.php(508): call_user_func_array(Array, Array)
#21 C:\Users\Administrator\phpStudy\WWW\addons\yun_shop\vendor\laravel\framework\src\Illuminate\Console\Command.php(169): Illuminate\Container\Container->call(Array)
#22 C:\Users\Administrator\phpStudy\WWW\addons\yun_shop\vendor\symfony\console\Command\Command.php(261): Illuminate\Console\Command->execute(Object(Symfony\Component\Console\Input\ArgvInput), Object(Symfony\Component\Console\Output\ConsoleOutput))
#23 C:\Users\Administrator\phpStudy\WWW\addons\yun_shop\vendor\laravel\framework\src\Illuminate\Console\Command.php(155): Symfony\Component\Console\Command\Command->run(Object(Symfony\Component\Console\Input\ArgvInput), Object(Symfony\Component\Console\Output\ConsoleOutput))
#24 C:\Users\Administrator\phpStudy\WWW\addons\yun_shop\vendor\symfony\console\Application.php(817): Illuminate\Console\Command->run(Object(Symfony\Component\Console\Input\ArgvInput), Object(Symfony\Component\Console\Output\ConsoleOutput))
#25 C:\Users\Administrator\phpStudy\WWW\addons\yun_shop\vendor\symfony\console\Application.php(185): Symfony\Component\Console\Application->doRunCommand(Object(Illuminate\Database\Console\Migrations\MigrateCommand), Object(Symfony\Component\Console\Input\ArgvInput), Object(Symfony\Component\Console\Output\ConsoleOutput))
#26 C:\Users\Administrator\phpStudy\WWW\addons\yun_shop\vendor\symfony\console\Application.php(116): Symfony\Component\Console\Application->doRun(Object(Symfony\Component\Console\Input\ArgvInput), Object(Symfony\Component\Console\Output\ConsoleOutput))
#27 C:\Users\Administrator\phpStudy\WWW\addons\yun_shop\vendor\laravel\framework\src\Illuminate\Foundation\Console\Kernel.php(121): Symfony\Component\Console\Application->run(Object(Symfony\Component\Console\Input\ArgvInput), Object(Symfony\Component\Console\Output\ConsoleOutput))
#28 C:\Users\Administrator\phpStudy\WWW\addons\yun_shop\artisan(38): Illuminate\Foundation\Console\Kernel->handle(Object(Symfony\Component\Console\Input\ArgvInput), Object(Symfony\Component\Console\Output\ConsoleOutput))
#29 {main}

Next exception 'Illuminate\Database\QueryException' with message 'SQLSTATE[23000]: Integrity constraint violation: 1062 Duplicate entry '4' for key 'PRIMARY' (SQL: insert into `ims_yz_dispatch_type` (`id`, `name`, `plugin`, `need_send`) values (4, 酒店入住, 33, 1))' in C:\Users\Administrator\phpStudy\WWW\addons\yun_shop\vendor\laravel\framework\src\Illuminate\Database\Connection.php:770
Stack trace:
#0 C:\Users\Administrator\phpStudy\WWW\addons\yun_shop\vendor\laravel\framework\src\Illuminate\Database\Connection.php(726): Illuminate\Database\Connection->runQueryCallback('insert into `im...', Array, Object(Closure))
#1 C:\Users\Administrator\phpStudy\WWW\addons\yun_shop\vendor\laravel\framework\src\Illuminate\Database\Connection.php(481): Illuminate\Database\Connection->run('insert into `im...', Array, Object(Closure))
#2 C:\Users\Administrator\phpStudy\WWW\addons\yun_shop\vendor\laravel\framework\src\Illuminate\Database\Connection.php(435): Illuminate\Database\Connection->statement('insert into `im...', Array)
#3 C:\Users\Administrator\phpStudy\WWW\addons\yun_shop\vendor\laravel\framework\src\Illuminate\Database\Query\Builder.php(2138): Illuminate\Database\Connection->insert('insert into `im...', Array)
#4 C:\Users\Administrator\phpStudy\WWW\addons\yun_shop\vendor\laravel\framework\src\Illuminate\Database\Eloquent\Builder.php(1470): Illuminate\Database\Query\Builder->insert(Array)
#5 C:\Users\Administrator\phpStudy\WWW\addons\yun_shop\vendor\laravel\framework\src\Illuminate\Database\Eloquent\Model.php(3568): Illuminate\Database\Eloquent\Builder->__call('insert', Array)
#6 C:\Users\Administrator\phpStudy\WWW\addons\yun_shop\vendor\laravel\framework\src\Illuminate\Database\Eloquent\Model.php(3568): app\framework\Database\Eloquent\Builder->insert(Array)
#7 C:\Users\Administrator\phpStudy\WWW\addons\yun_shop\vendor\laravel\framework\src\Illuminate\Database\Eloquent\Model.php(3580): Illuminate\Database\Eloquent\Model->__call('insert', Array)
#8 C:\Users\Administrator\phpStudy\WWW\addons\yun_shop\vendor\laravel\framework\src\Illuminate\Database\Eloquent\Model.php(3580): app\common\models\DispatchType->insert(Array)
#9 C:\Users\Administrator\phpStudy\WWW\addons\yun_shop\database\migrations\2019_01_29_144005_add_hotel_to_yz_dispatch_type_table.php(19): Illuminate\Database\Eloquent\Model::__callStatic('insert', Array)
#10 C:\Users\Administrator\phpStudy\WWW\addons\yun_shop\database\migrations\2019_01_29_144005_add_hotel_to_yz_dispatch_type_table.php(19): app\common\models\DispatchType::insert(Array)
#11 C:\Users\Administrator\phpStudy\WWW\addons\yun_shop\vendor\laravel\framework\src\Illuminate\Database\Migrations\Migrator.php(373): AddHotelToYzDispatchTypeTable->up()
#12 C:\Users\Administrator\phpStudy\WWW\addons\yun_shop\vendor\laravel\framework\src\Illuminate\Database\Migrations\Migrator.php(380): Illuminate\Database\Migrations\Migrator->Illuminate\Database\Migrations\{closure}()
#13 C:\Users\Administrator\phpStudy\WWW\addons\yun_shop\vendor\laravel\framework\src\Illuminate\Database\Migrations\Migrator.php(162): Illuminate\Database\Migrations\Migrator->runMigration(Object(AddHotelToYzDispatchTypeTable), 'up')
#14 C:\Users\Administrator\phpStudy\WWW\addons\yun_shop\vendor\laravel\framework\src\Illuminate\Database\Migrations\Migrator.php(130): Illuminate\Database\Migrations\Migrator->runUp('C:\\Users\\Admini...', 175, false)
#15 C:\Users\Administrator\phpStudy\WWW\addons\yun_shop\vendor\laravel\framework\src\Illuminate\Database\Migrations\Migrator.php(97): Illuminate\Database\Migrations\Migrator->runMigrationList(Array, Array)
#16 C:\Users\Administrator\phpStudy\WWW\addons\yun_shop\vendor\laravel\framework\src\Illuminate\Database\Console\Migrations\MigrateCommand.php(66): Illuminate\Database\Migrations\Migrator->run(Array, Array)
#17 [internal function]: Illuminate\Database\Console\Migrations\MigrateCommand->fire()
#18 C:\Users\Administrator\phpStudy\WWW\addons\yun_shop\vendor\laravel\framework\src\Illuminate\Container\Container.php(508): call_user_func_array(Array, Array)
#19 C:\Users\Administrator\phpStudy\WWW\addons\yun_shop\vendor\laravel\framework\src\Illuminate\Console\Command.php(169): Illuminate\Container\Container->call(Array)
#20 C:\Users\Administrator\phpStudy\WWW\addons\yun_shop\vendor\symfony\console\Command\Command.php(261): Illuminate\Console\Command->execute(Object(Symfony\Component\Console\Input\ArgvInput), Object(Symfony\Component\Console\Output\ConsoleOutput))
#21 C:\Users\Administrator\phpStudy\WWW\addons\yun_shop\vendor\laravel\framework\src\Illuminate\Console\Command.php(155): Symfony\Component\Console\Command\Command->run(Object(Symfony\Component\Console\Input\ArgvInput), Object(Symfony\Component\Console\Output\ConsoleOutput))
#22 C:\Users\Administrator\phpStudy\WWW\addons\yun_shop\vendor\symfony\console\Application.php(817): Illuminate\Console\Command->run(Object(Symfony\Component\Console\Input\ArgvInput), Object(Symfony\Component\Console\Output\ConsoleOutput))
#23 C:\Users\Administrator\phpStudy\WWW\addons\yun_shop\vendor\symfony\console\Application.php(185): Symfony\Component\Console\Application->doRunCommand(Object(Illuminate\Database\Console\Migrations\MigrateCommand), Object(Symfony\Component\Console\Input\ArgvInput), Object(Symfony\Component\Console\Output\ConsoleOutput))
#24 C:\Users\Administrator\phpStudy\WWW\addons\yun_shop\vendor\symfony\console\Application.php(116): Symfony\Component\Console\Application->doRun(Object(Symfony\Component\Console\Input\ArgvInput), Object(Symfony\Component\Console\Output\ConsoleOutput))
#25 C:\Users\Administrator\phpStudy\WWW\addons\yun_shop\vendor\laravel\framework\src\Illuminate\Foundation\Console\Kernel.php(121): Symfony\Component\Console\Application->run(Object(Symfony\Component\Console\Input\ArgvInput), Object(Symfony\Component\Console\Output\ConsoleOutput))
#26 C:\Users\Administrator\phpStudy\WWW\addons\yun_shop\artisan(38): Illuminate\Foundation\Console\Kernel->handle(Object(Symfony\Component\Console\Input\ArgvInput), Object(Symfony\Component\Console\Output\ConsoleOutput))
#27 {main}  
[2019-01-29 14:58:11] dev.ERROR: http parameters {"i":"6","type":"5","route":"plugin.hotel.frontend.hotel.list.index","test_uid":"2455","pagesize":"10"} 
[2019-01-29 14:58:11] dev.ERROR: exception 'Symfony\Component\Debug\Exception\FatalErrorException' with message 'Class 'app\frontend\modules\order\operations\member\CheckInvoice' not found' in C:\Users\Administrator\phpStudy\WWW\addons\yun_shop\app\common\modules\order\OrderOperationsCollector.php:30
Stack trace:
#0 C:\Users\Administrator\phpStudy\WWW\addons\yun_shop\vendor\laravel\framework\src\Illuminate\Foundation\Bootstrap\HandleExceptions.php(133): Symfony\Component\Debug\Exception\FatalErrorException->__construct()
#1 C:\Users\Administrator\phpStudy\WWW\addons\yun_shop\vendor\laravel\framework\src\Illuminate\Foundation\Bootstrap\HandleExceptions.php(118): Illuminate\Foundation\Bootstrap\HandleExceptions->fatalExceptionFromError()
#2 C:\Users\Administrator\phpStudy\WWW\addons\yun_shop\vendor\laravel\framework\src\Illuminate\Foundation\Bootstrap\HandleExceptions.php(0): Illuminate\Foundation\Bootstrap\HandleExceptions->handleShutdown()
#3 C:\Users\Administrator\phpStudy\WWW\addons\yun_shop\app\common\modules\order\OrderOperationsCollector.php(40): app\common\modules\order\OrderOperationsCollector->app\common\modules\order\{closure}()
#4 C:\Users\Administrator\phpStudy\WWW\addons\yun_shop\app\common\modules\order\OrderOperationsCollector.php(40): array_map()
#5 C:\Users\Administrator\phpStudy\WWW\addons\yun_shop\app\common\models\Order.php(459): app\common\modules\order\OrderOperationsCollector->getOperations()
#6 C:\Users\Administrator\phpStudy\WWW\addons\yun_shop\app\common\models\Order.php(452): app\common\models\Order->memberButtons()
#7 C:\Users\Administrator\phpStudy\WWW\addons\yun_shop\vendor\laravel\framework\src\Illuminate\Database\Eloquent\Model.php(2745): app\common\models\Order->getButtonModelsAttribute()
#8 C:\Users\Administrator\phpStudy\WWW\addons\yun_shop\vendor\laravel\framework\src\Illuminate\Database\Eloquent\Model.php(2757): Illuminate\Database\Eloquent\Model->mutateAttribute()
#9 C:\Users\Administrator\phpStudy\WWW\addons\yun_shop\vendor\laravel\framework\src\Illuminate\Database\Eloquent\Model.php(2505): Illuminate\Database\Eloquent\Model->mutateAttributeForArray()
#10 C:\Users\Administrator\phpStudy\WWW\addons\yun_shop\vendor\laravel\framework\src\Illuminate\Database\Eloquent\Model.php(2441): Illuminate\Database\Eloquent\Model->attributesToArray()
#11 C:\Users\Administrator\phpStudy\WWW\addons\yun_shop\vendor\laravel\framework\src\Illuminate\Support\Collection.php(1225): Illuminate\Database\Eloquent\Model->toArray()
#12 C:\Users\Administrator\phpStudy\WWW\addons\yun_shop\vendor\laravel\framework\src\Illuminate\Support\Collection.php(1226): Illuminate\Support\Collection->Illuminate\Support\{closure}()
#13 C:\Users\Administrator\phpStudy\WWW\addons\yun_shop\vendor\laravel\framework\src\Illuminate\Support\Collection.php(1226): array_map()
#14 C:\Users\Administrator\phpStudy\WWW\addons\yun_shop\vendor\laravel\framework\src\Illuminate\Pagination\LengthAwarePaginator.php(162): Illuminate\Support\Collection->toArray()
#15 C:\Users\Administrator\phpStudy\WWW\addons\yun_shop\app\frontend\modules\order\controllers\ListController.php(44): Illuminate\Pagination\LengthAwarePaginator->toArray()
#16 C:\Users\Administrator\phpStudy\WWW\addons\yun_shop\app\frontend\modules\order\controllers\ListController.php(54): app\frontend\modules\order\controllers\ListController->getData()
#17 C:\Users\Administrator\phpStudy\WWW\addons\yun_shop\app\yunshop.php(103): app\frontend\modules\order\controllers\ListController->index()
#18 C:\Users\Administrator\phpStudy\WWW\addons\yun_shop\app\yunshop.php(314): YunShop::run()
#19 C:\Users\Administrator\phpStudy\WWW\addons\yun_shop\routes\web.php(61): YunShop::parseRoute()
#20 C:\Users\Administrator\phpStudy\WWW\addons\yun_shop\vendor\laravel\framework\src\Illuminate\Routing\Route.php(176): app\common\providers\RouteServiceProvider->{closure:C:\Users\Administrator\phpStudy\WWW\addons\yun_shop\routes\web.php:23-167}()
#21 C:\Users\Administrator\phpStudy\WWW\addons\yun_shop\vendor\laravel\framework\src\Illuminate\Routing\Route.php(147): Illuminate\Routing\Route->runCallable()
#22 C:\Users\Administrator\phpStudy\WWW\addons\yun_shop\vendor\laravel\framework\src\Illuminate\Routing\Router.php(653): Illuminate\Routing\Route->run()
#23 C:\Users\Administrator\phpStudy\WWW\addons\yun_shop\vendor\laravel\framework\src\Illuminate\Routing\Pipeline.php(53): Illuminate\Routing\Router->Illuminate\Routing\{closure}()
#24 C:\Users\Administrator\phpStudy\WWW\addons\yun_shop\vendor\laravel\framework\src\Illuminate\Pipeline\Pipeline.php(104): Illuminate\Routing\Pipeline->Illuminate\Routing\{closure}()
#25 C:\Users\Administrator\phpStudy\WWW\addons\yun_shop\vendor\laravel\framework\src\Illuminate\Routing\Router.php(655): Illuminate\Pipeline\Pipeline->then()
#26 C:\Users\Administrator\phpStudy\WWW\addons\yun_shop\vendor\laravel\framework\src\Illuminate\Routing\Router.php(629): Illuminate\Routing\Router->runRouteWithinStack()
#27 C:\Users\Administrator\phpStudy\WWW\addons\yun_shop\vendor\laravel\framework\src\Illuminate\Routing\Router.php(607): Illuminate\Routing\Router->dispatchToRoute()
#28 C:\Users\Administrator\phpStudy\WWW\addons\yun_shop\vendor\laravel\framework\src\Illuminate\Foundation\Http\Kernel.php(268): Illuminate\Routing\Router->dispatch()
#29 C:\Users\Administrator\phpStudy\WWW\addons\yun_shop\vendor\laravel\framework\src\Illuminate\Routing\Pipeline.php(53): Illuminate\Foundation\Http\Kernel->Illuminate\Foundation\Http\{closure}()
#30 C:\Users\Administrator\phpStudy\WWW\addons\yun_shop\vendor\laravel\framework\src\Illuminate\Foundation\Http\Middleware\CheckForMaintenanceMode.php(46): Illuminate\Routing\Pipeline->Illuminate\Routing\{closure}()
#31 C:\Users\Administrator\phpStudy\WWW\addons\yun_shop\vendor\laravel\framework\src\Illuminate\Pipeline\Pipeline.php(137): Illuminate\Foundation\Http\Middleware\CheckForMaintenanceMode->handle()
#32 C:\Users\Administrator\phpStudy\WWW\addons\yun_shop\vendor\laravel\framework\src\Illuminate\Routing\Pipeline.php(33): Illuminate\Pipeline\Pipeline->Illuminate\Pipeline\{closure}()
#33 C:\Users\Administrator\phpStudy\WWW\addons\yun_shop\vendor\laravel\framework\src\Illuminate\Pipeline\Pipeline.php(104): Illuminate\Routing\Pipeline->Illuminate\Routing\{closure}()
#34 C:\Users\Administrator\phpStudy\WWW\addons\yun_shop\vendor\laravel\framework\src\Illuminate\Foundation\Http\Kernel.php(150): Illuminate\Pipeline\Pipeline->then()
#35 C:\Users\Administrator\phpStudy\WWW\addons\yun_shop\vendor\laravel\framework\src\Illuminate\Foundation\Http\Kernel.php(117): Illuminate\Foundation\Http\Kernel->sendRequestThroughRouter()
#36 C:\Users\Administrator\phpStudy\WWW\addons\yun_shop\app\laravel.php(62): Illuminate\Foundation\Http\Kernel->handle()
#37 C:\Users\Administrator\phpStudy\WWW\addons\yun_shop\api.php(30): ()
#38 C:\Users\Administrator\phpStudy\WWW\addons\yun_shop\api.php(0): {main}()
#39 {main}  
[2019-01-29 14:59:22] dev.ERROR: http parameters {"i":"6","type":"5","route":"plugin.hotel.frontend.hotel.list.index","test_uid":"2455","pagesize":"10"} 
[2019-01-29 14:59:22] dev.ERROR: exception 'Symfony\Component\Debug\Exception\FatalErrorException' with message 'Class 'app\frontend\modules\order\operations\member\CheckInvoice' not found' in C:\Users\Administrator\phpStudy\WWW\addons\yun_shop\app\common\modules\order\OrderOperationsCollector.php:30
Stack trace:
#0 C:\Users\Administrator\phpStudy\WWW\addons\yun_shop\vendor\laravel\framework\src\Illuminate\Foundation\Bootstrap\HandleExceptions.php(133): Symfony\Component\Debug\Exception\FatalErrorException->__construct()
#1 C:\Users\Administrator\phpStudy\WWW\addons\yun_shop\vendor\laravel\framework\src\Illuminate\Foundation\Bootstrap\HandleExceptions.php(118): Illuminate\Foundation\Bootstrap\HandleExceptions->fatalExceptionFromError()
#2 C:\Users\Administrator\phpStudy\WWW\addons\yun_shop\vendor\laravel\framework\src\Illuminate\Foundation\Bootstrap\HandleExceptions.php(0): Illuminate\Foundation\Bootstrap\HandleExceptions->handleShutdown()
#3 C:\Users\Administrator\phpStudy\WWW\addons\yun_shop\app\common\modules\order\OrderOperationsCollector.php(40): app\common\modules\order\OrderOperationsCollector->app\common\modules\order\{closure}()
#4 C:\Users\Administrator\phpStudy\WWW\addons\yun_shop\app\common\modules\order\OrderOperationsCollector.php(40): array_map()
#5 C:\Users\Administrator\phpStudy\WWW\addons\yun_shop\app\common\models\Order.php(459): app\common\modules\order\OrderOperationsCollector->getOperations()
#6 C:\Users\Administrator\phpStudy\WWW\addons\yun_shop\app\common\models\Order.php(452): app\common\models\Order->memberButtons()
#7 C:\Users\Administrator\phpStudy\WWW\addons\yun_shop\vendor\laravel\framework\src\Illuminate\Database\Eloquent\Model.php(2745): app\common\models\Order->getButtonModelsAttribute()
#8 C:\Users\Administrator\phpStudy\WWW\addons\yun_shop\vendor\laravel\framework\src\Illuminate\Database\Eloquent\Model.php(2757): Illuminate\Database\Eloquent\Model->mutateAttribute()
#9 C:\Users\Administrator\phpStudy\WWW\addons\yun_shop\vendor\laravel\framework\src\Illuminate\Database\Eloquent\Model.php(2505): Illuminate\Database\Eloquent\Model->mutateAttributeForArray()
#10 C:\Users\Administrator\phpStudy\WWW\addons\yun_shop\vendor\laravel\framework\src\Illuminate\Database\Eloquent\Model.php(2441): Illuminate\Database\Eloquent\Model->attributesToArray()
#11 C:\Users\Administrator\phpStudy\WWW\addons\yun_shop\vendor\laravel\framework\src\Illuminate\Support\Collection.php(1225): Illuminate\Database\Eloquent\Model->toArray()
#12 C:\Users\Administrator\phpStudy\WWW\addons\yun_shop\vendor\laravel\framework\src\Illuminate\Support\Collection.php(1226): Illuminate\Support\Collection->Illuminate\Support\{closure}()
#13 C:\Users\Administrator\phpStudy\WWW\addons\yun_shop\vendor\laravel\framework\src\Illuminate\Support\Collection.php(1226): array_map()
#14 C:\Users\Administrator\phpStudy\WWW\addons\yun_shop\vendor\laravel\framework\src\Illuminate\Pagination\LengthAwarePaginator.php(162): Illuminate\Support\Collection->toArray()
#15 C:\Users\Administrator\phpStudy\WWW\addons\yun_shop\app\frontend\modules\order\controllers\ListController.php(44): Illuminate\Pagination\LengthAwarePaginator->toArray()
#16 C:\Users\Administrator\phpStudy\WWW\addons\yun_shop\app\frontend\modules\order\controllers\ListController.php(54): app\frontend\modules\order\controllers\ListController->getData()
#17 C:\Users\Administrator\phpStudy\WWW\addons\yun_shop\app\yunshop.php(103): app\frontend\modules\order\controllers\ListController->index()
#18 C:\Users\Administrator\phpStudy\WWW\addons\yun_shop\app\yunshop.php(314): YunShop::run()
#19 C:\Users\Administrator\phpStudy\WWW\addons\yun_shop\routes\web.php(61): YunShop::parseRoute()
#20 C:\Users\Administrator\phpStudy\WWW\addons\yun_shop\vendor\laravel\framework\src\Illuminate\Routing\Route.php(176): app\common\providers\RouteServiceProvider->{closure:C:\Users\Administrator\phpStudy\WWW\addons\yun_shop\routes\web.php:23-167}()
#21 C:\Users\Administrator\phpStudy\WWW\addons\yun_shop\vendor\laravel\framework\src\Illuminate\Routing\Route.php(147): Illuminate\Routing\Route->runCallable()
#22 C:\Users\Administrator\phpStudy\WWW\addons\yun_shop\vendor\laravel\framework\src\Illuminate\Routing\Router.php(653): Illuminate\Routing\Route->run()
#23 C:\Users\Administrator\phpStudy\WWW\addons\yun_shop\vendor\laravel\framework\src\Illuminate\Routing\Pipeline.php(53): Illuminate\Routing\Router->Illuminate\Routing\{closure}()
#24 C:\Users\Administrator\phpStudy\WWW\addons\yun_shop\vendor\laravel\framework\src\Illuminate\Pipeline\Pipeline.php(104): Illuminate\Routing\Pipeline->Illuminate\Routing\{closure}()
#25 C:\Users\Administrator\phpStudy\WWW\addons\yun_shop\vendor\laravel\framework\src\Illuminate\Routing\Router.php(655): Illuminate\Pipeline\Pipeline->then()
#26 C:\Users\Administrator\phpStudy\WWW\addons\yun_shop\vendor\laravel\framework\src\Illuminate\Routing\Router.php(629): Illuminate\Routing\Router->runRouteWithinStack()
#27 C:\Users\Administrator\phpStudy\WWW\addons\yun_shop\vendor\laravel\framework\src\Illuminate\Routing\Router.php(607): Illuminate\Routing\Router->dispatchToRoute()
#28 C:\Users\Administrator\phpStudy\WWW\addons\yun_shop\vendor\laravel\framework\src\Illuminate\Foundation\Http\Kernel.php(268): Illuminate\Routing\Router->dispatch()
#29 C:\Users\Administrator\phpStudy\WWW\addons\yun_shop\vendor\laravel\framework\src\Illuminate\Routing\Pipeline.php(53): Illuminate\Foundation\Http\Kernel->Illuminate\Foundation\Http\{closure}()
#30 C:\Users\Administrator\phpStudy\WWW\addons\yun_shop\vendor\laravel\framework\src\Illuminate\Foundation\Http\Middleware\CheckForMaintenanceMode.php(46): Illuminate\Routing\Pipeline->Illuminate\Routing\{closure}()
#31 C:\Users\Administrator\phpStudy\WWW\addons\yun_shop\vendor\laravel\framework\src\Illuminate\Pipeline\Pipeline.php(137): Illuminate\Foundation\Http\Middleware\CheckForMaintenanceMode->handle()
#32 C:\Users\Administrator\phpStudy\WWW\addons\yun_shop\vendor\laravel\framework\src\Illuminate\Routing\Pipeline.php(33): Illuminate\Pipeline\Pipeline->Illuminate\Pipeline\{closure}()
#33 C:\Users\Administrator\phpStudy\WWW\addons\yun_shop\vendor\laravel\framework\src\Illuminate\Pipeline\Pipeline.php(104): Illuminate\Routing\Pipeline->Illuminate\Routing\{closure}()
#34 C:\Users\Administrator\phpStudy\WWW\addons\yun_shop\vendor\laravel\framework\src\Illuminate\Foundation\Http\Kernel.php(150): Illuminate\Pipeline\Pipeline->then()
#35 C:\Users\Administrator\phpStudy\WWW\addons\yun_shop\vendor\laravel\framework\src\Illuminate\Foundation\Http\Kernel.php(117): Illuminate\Foundation\Http\Kernel->sendRequestThroughRouter()
#36 C:\Users\Administrator\phpStudy\WWW\addons\yun_shop\app\laravel.php(62): Illuminate\Foundation\Http\Kernel->handle()
#37 C:\Users\Administrator\phpStudy\WWW\addons\yun_shop\api.php(30): ()
#38 C:\Users\Administrator\phpStudy\WWW\addons\yun_shop\api.php(0): {main}()
#39 {main}  
[2019-01-29 15:49:48] dev.ERROR: http parameters {"i":"6","route":"plugin.yop-pay.api.refund"} 
[2019-01-29 15:49:48] dev.ERROR: exception 'app\common\exceptions\NotFoundException' with message ' 路由错误:不存在类: Yunshop\YopPay\api' in C:\Users\Administrator\phpStudy\WWW\addons\yun_shop\app\yunshop.php:31
Stack trace:
#0 C:\Users\Administrator\phpStudy\WWW\addons\yun_shop\app\yunshop.php(314): YunShop::run('Yunshop\\YopPay\\...', Array, '', 'refund', Array)
#1 C:\Users\Administrator\phpStudy\WWW\addons\yun_shop\routes\web.php(61): YunShop::parseRoute('plugin.yop-pay....')
#2 C:\Users\Administrator\phpStudy\WWW\addons\yun_shop\vendor\laravel\framework\src\Illuminate\Routing\Route.php(176): app\common\providers\RouteServiceProvider->{closure}()
#3 C:\Users\Administrator\phpStudy\WWW\addons\yun_shop\vendor\laravel\framework\src\Illuminate\Routing\Route.php(147): Illuminate\Routing\Route->runCallable()
#4 C:\Users\Administrator\phpStudy\WWW\addons\yun_shop\vendor\laravel\framework\src\Illuminate\Routing\Router.php(653): Illuminate\Routing\Route->run(Object(Illuminate\Http\Request))
#5 C:\Users\Administrator\phpStudy\WWW\addons\yun_shop\vendor\laravel\framework\src\Illuminate\Routing\Pipeline.php(53): Illuminate\Routing\Router->Illuminate\Routing\{closure}(Object(Illuminate\Http\Request))
#6 C:\Users\Administrator\phpStudy\WWW\addons\yun_shop\vendor\laravel\framework\src\Illuminate\Pipeline\Pipeline.php(104): Illuminate\Routing\Pipeline->Illuminate\Routing\{closure}(Object(Illuminate\Http\Request))
#7 C:\Users\Administrator\phpStudy\WWW\addons\yun_shop\vendor\laravel\framework\src\Illuminate\Routing\Router.php(655): Illuminate\Pipeline\Pipeline->then(Object(Closure))
#8 C:\Users\Administrator\phpStudy\WWW\addons\yun_shop\vendor\laravel\framework\src\Illuminate\Routing\Router.php(629): Illuminate\Routing\Router->runRouteWithinStack(Object(Illuminate\Routing\Route), Object(Illuminate\Http\Request))
#9 C:\Users\Administrator\phpStudy\WWW\addons\yun_shop\vendor\laravel\framework\src\Illuminate\Routing\Router.php(607): Illuminate\Routing\Router->dispatchToRoute(Object(Illuminate\Http\Request))
#10 C:\Users\Administrator\phpStudy\WWW\addons\yun_shop\vendor\laravel\framework\src\Illuminate\Foundation\Http\Kernel.php(268): Illuminate\Routing\Router->dispatch(Object(Illuminate\Http\Request))
#11 C:\Users\Administrator\phpStudy\WWW\addons\yun_shop\vendor\laravel\framework\src\Illuminate\Routing\Pipeline.php(53): Illuminate\Foundation\Http\Kernel->Illuminate\Foundation\Http\{closure}(Object(Illuminate\Http\Request))
#12 C:\Users\Administrator\phpStudy\WWW\addons\yun_shop\vendor\laravel\framework\src\Illuminate\Foundation\Http\Middleware\CheckForMaintenanceMode.php(46): Illuminate\Routing\Pipeline->Illuminate\Routing\{closure}(Object(Illuminate\Http\Request))
#13 C:\Users\Administrator\phpStudy\WWW\addons\yun_shop\vendor\laravel\framework\src\Illuminate\Pipeline\Pipeline.php(137): Illuminate\Foundation\Http\Middleware\CheckForMaintenanceMode->handle(Object(Illuminate\Http\Request), Object(Closure))
#14 C:\Users\Administrator\phpStudy\WWW\addons\yun_shop\vendor\laravel\framework\src\Illuminate\Routing\Pipeline.php(33): Illuminate\Pipeline\Pipeline->Illuminate\Pipeline\{closure}(Object(Illuminate\Http\Request))
#15 C:\Users\Administrator\phpStudy\WWW\addons\yun_shop\vendor\laravel\framework\src\Illuminate\Pipeline\Pipeline.php(104): Illuminate\Routing\Pipeline->Illuminate\Routing\{closure}(Object(Illuminate\Http\Request))
#16 C:\Users\Administrator\phpStudy\WWW\addons\yun_shop\vendor\laravel\framework\src\Illuminate\Foundation\Http\Kernel.php(150): Illuminate\Pipeline\Pipeline->then(Object(Closure))
#17 C:\Users\Administrator\phpStudy\WWW\addons\yun_shop\vendor\laravel\framework\src\Illuminate\Foundation\Http\Kernel.php(117): Illuminate\Foundation\Http\Kernel->sendRequestThroughRouter(Object(Illuminate\Http\Request))
#18 C:\Users\Administrator\phpStudy\WWW\addons\yun_shop\app\laravel.php(62): Illuminate\Foundation\Http\Kernel->handle(Object(Illuminate\Http\Request))
#19 C:\Users\Administrator\phpStudy\WWW\addons\yun_shop\api.php(30): include_once('C:\\Users\\Admini...')
#20 {main}  
[2019-01-29 15:49:56] dev.ERROR: http parameters {"i":"6","route":"plugin.yop-pay.api.refund"} 
[2019-01-29 15:49:56] dev.ERROR: exception 'app\common\exceptions\NotFoundException' with message ' 路由错误:不存在类: Yunshop\YopPay\api' in C:\Users\Administrator\phpStudy\WWW\addons\yun_shop\app\yunshop.php:31
Stack trace:
#0 C:\Users\Administrator\phpStudy\WWW\addons\yun_shop\app\yunshop.php(314): YunShop::run('Yunshop\\YopPay\\...', Array, '', 'refund', Array)
#1 C:\Users\Administrator\phpStudy\WWW\addons\yun_shop\routes\web.php(61): YunShop::parseRoute('plugin.yop-pay....')
#2 C:\Users\Administrator\phpStudy\WWW\addons\yun_shop\vendor\laravel\framework\src\Illuminate\Routing\Route.php(176): app\common\providers\RouteServiceProvider->{closure}()
#3 C:\Users\Administrator\phpStudy\WWW\addons\yun_shop\vendor\laravel\framework\src\Illuminate\Routing\Route.php(147): Illuminate\Routing\Route->runCallable()
#4 C:\Users\Administrator\phpStudy\WWW\addons\yun_shop\vendor\laravel\framework\src\Illuminate\Routing\Router.php(653): Illuminate\Routing\Route->run(Object(Illuminate\Http\Request))
#5 C:\Users\Administrator\phpStudy\WWW\addons\yun_shop\vendor\laravel\framework\src\Illuminate\Routing\Pipeline.php(53): Illuminate\Routing\Router->Illuminate\Routing\{closure}(Object(Illuminate\Http\Request))
#6 C:\Users\Administrator\phpStudy\WWW\addons\yun_shop\vendor\laravel\framework\src\Illuminate\Pipeline\Pipeline.php(104): Illuminate\Routing\Pipeline->Illuminate\Routing\{closure}(Object(Illuminate\Http\Request))
#7 C:\Users\Administrator\phpStudy\WWW\addons\yun_shop\vendor\laravel\framework\src\Illuminate\Routing\Router.php(655): Illuminate\Pipeline\Pipeline->then(Object(Closure))
#8 C:\Users\Administrator\phpStudy\WWW\addons\yun_shop\vendor\laravel\framework\src\Illuminate\Routing\Router.php(629): Illuminate\Routing\Router->runRouteWithinStack(Object(Illuminate\Routing\Route), Object(Illuminate\Http\Request))
#9 C:\Users\Administrator\phpStudy\WWW\addons\yun_shop\vendor\laravel\framework\src\Illuminate\Routing\Router.php(607): Illuminate\Routing\Router->dispatchToRoute(Object(Illuminate\Http\Request))
#10 C:\Users\Administrator\phpStudy\WWW\addons\yun_shop\vendor\laravel\framework\src\Illuminate\Foundation\Http\Kernel.php(268): Illuminate\Routing\Router->dispatch(Object(Illuminate\Http\Request))
#11 C:\Users\Administrator\phpStudy\WWW\addons\yun_shop\vendor\laravel\framework\src\Illuminate\Routing\Pipeline.php(53): Illuminate\Foundation\Http\Kernel->Illuminate\Foundation\Http\{closure}(Object(Illuminate\Http\Request))
#12 C:\Users\Administrator\phpStudy\WWW\addons\yun_shop\vendor\laravel\framework\src\Illuminate\Foundation\Http\Middleware\CheckForMaintenanceMode.php(46): Illuminate\Routing\Pipeline->Illuminate\Routing\{closure}(Object(Illuminate\Http\Request))
#13 C:\Users\Administrator\phpStudy\WWW\addons\yun_shop\vendor\laravel\framework\src\Illuminate\Pipeline\Pipeline.php(137): Illuminate\Foundation\Http\Middleware\CheckForMaintenanceMode->handle(Object(Illuminate\Http\Request), Object(Closure))
#14 C:\Users\Administrator\phpStudy\WWW\addons\yun_shop\vendor\laravel\framework\src\Illuminate\Routing\Pipeline.php(33): Illuminate\Pipeline\Pipeline->Illuminate\Pipeline\{closure}(Object(Illuminate\Http\Request))
#15 C:\Users\Administrator\phpStudy\WWW\addons\yun_shop\vendor\laravel\framework\src\Illuminate\Pipeline\Pipeline.php(104): Illuminate\Routing\Pipeline->Illuminate\Routing\{closure}(Object(Illuminate\Http\Request))
#16 C:\Users\Administrator\phpStudy\WWW\addons\yun_shop\vendor\laravel\framework\src\Illuminate\Foundation\Http\Kernel.php(150): Illuminate\Pipeline\Pipeline->then(Object(Closure))
#17 C:\Users\Administrator\phpStudy\WWW\addons\yun_shop\vendor\laravel\framework\src\Illuminate\Foundation\Http\Kernel.php(117): Illuminate\Foundation\Http\Kernel->sendRequestThroughRouter(Object(Illuminate\Http\Request))
#18 C:\Users\Administrator\phpStudy\WWW\addons\yun_shop\app\laravel.php(62): Illuminate\Foundation\Http\Kernel->handle(Object(Illuminate\Http\Request))
#19 C:\Users\Administrator\phpStudy\WWW\addons\yun_shop\api.php(30): include_once('C:\\Users\\Admini...')
#20 {main}  
[2019-01-29 15:50:12] dev.ERROR: http parameters {"i":"6","route":"plugin.yop-pay.api..text.refund"} 
[2019-01-29 15:50:12] dev.ERROR: exception 'app\common\exceptions\NotFoundException' with message ' 路由错误:不存在类: Yunshop\YopPay\api\\TextController' in C:\Users\Administrator\phpStudy\WWW\addons\yun_shop\app\yunshop.php:31
Stack trace:
#0 C:\Users\Administrator\phpStudy\WWW\addons\yun_shop\app\yunshop.php(314): YunShop::run('Yunshop\\YopPay\\...', Array, 'Text', 'refund', Array)
#1 C:\Users\Administrator\phpStudy\WWW\addons\yun_shop\routes\web.php(61): YunShop::parseRoute('plugin.yop-pay....')
#2 C:\Users\Administrator\phpStudy\WWW\addons\yun_shop\vendor\laravel\framework\src\Illuminate\Routing\Route.php(176): app\common\providers\RouteServiceProvider->{closure}()
#3 C:\Users\Administrator\phpStudy\WWW\addons\yun_shop\vendor\laravel\framework\src\Illuminate\Routing\Route.php(147): Illuminate\Routing\Route->runCallable()
#4 C:\Users\Administrator\phpStudy\WWW\addons\yun_shop\vendor\laravel\framework\src\Illuminate\Routing\Router.php(653): Illuminate\Routing\Route->run(Object(Illuminate\Http\Request))
#5 C:\Users\Administrator\phpStudy\WWW\addons\yun_shop\vendor\laravel\framework\src\Illuminate\Routing\Pipeline.php(53): Illuminate\Routing\Router->Illuminate\Routing\{closure}(Object(Illuminate\Http\Request))
#6 C:\Users\Administrator\phpStudy\WWW\addons\yun_shop\vendor\laravel\framework\src\Illuminate\Pipeline\Pipeline.php(104): Illuminate\Routing\Pipeline->Illuminate\Routing\{closure}(Object(Illuminate\Http\Request))
#7 C:\Users\Administrator\phpStudy\WWW\addons\yun_shop\vendor\laravel\framework\src\Illuminate\Routing\Router.php(655): Illuminate\Pipeline\Pipeline->then(Object(Closure))
#8 C:\Users\Administrator\phpStudy\WWW\addons\yun_shop\vendor\laravel\framework\src\Illuminate\Routing\Router.php(629): Illuminate\Routing\Router->runRouteWithinStack(Object(Illuminate\Routing\Route), Object(Illuminate\Http\Request))
#9 C:\Users\Administrator\phpStudy\WWW\addons\yun_shop\vendor\laravel\framework\src\Illuminate\Routing\Router.php(607): Illuminate\Routing\Router->dispatchToRoute(Object(Illuminate\Http\Request))
#10 C:\Users\Administrator\phpStudy\WWW\addons\yun_shop\vendor\laravel\framework\src\Illuminate\Foundation\Http\Kernel.php(268): Illuminate\Routing\Router->dispatch(Object(Illuminate\Http\Request))
#11 C:\Users\Administrator\phpStudy\WWW\addons\yun_shop\vendor\laravel\framework\src\Illuminate\Routing\Pipeline.php(53): Illuminate\Foundation\Http\Kernel->Illuminate\Foundation\Http\{closure}(Object(Illuminate\Http\Request))
#12 C:\Users\Administrator\phpStudy\WWW\addons\yun_shop\vendor\laravel\framework\src\Illuminate\Foundation\Http\Middleware\CheckForMaintenanceMode.php(46): Illuminate\Routing\Pipeline->Illuminate\Routing\{closure}(Object(Illuminate\Http\Request))
#13 C:\Users\Administrator\phpStudy\WWW\addons\yun_shop\vendor\laravel\framework\src\Illuminate\Pipeline\Pipeline.php(137): Illuminate\Foundation\Http\Middleware\CheckForMaintenanceMode->handle(Object(Illuminate\Http\Request), Object(Closure))
#14 C:\Users\Administrator\phpStudy\WWW\addons\yun_shop\vendor\laravel\framework\src\Illuminate\Routing\Pipeline.php(33): Illuminate\Pipeline\Pipeline->Illuminate\Pipeline\{closure}(Object(Illuminate\Http\Request))
#15 C:\Users\Administrator\phpStudy\WWW\addons\yun_shop\vendor\laravel\framework\src\Illuminate\Pipeline\Pipeline.php(104): Illuminate\Routing\Pipeline->Illuminate\Routing\{closure}(Object(Illuminate\Http\Request))
#16 C:\Users\Administrator\phpStudy\WWW\addons\yun_shop\vendor\laravel\framework\src\Illuminate\Foundation\Http\Kernel.php(150): Illuminate\Pipeline\Pipeline->then(Object(Closure))
#17 C:\Users\Administrator\phpStudy\WWW\addons\yun_shop\vendor\laravel\framework\src\Illuminate\Foundation\Http\Kernel.php(117): Illuminate\Foundation\Http\Kernel->sendRequestThroughRouter(Object(Illuminate\Http\Request))
#18 C:\Users\Administrator\phpStudy\WWW\addons\yun_shop\app\laravel.php(62): Illuminate\Foundation\Http\Kernel->handle(Object(Illuminate\Http\Request))
#19 C:\Users\Administrator\phpStudy\WWW\addons\yun_shop\api.php(30): include_once('C:\\Users\\Admini...')
#20 {main}  
[2019-01-29 15:50:40] dev.ERROR: http parameters {"i":"6","route":"plugin.yop-pay.api.text.refund"} 
[2019-01-29 15:50:40] dev.ERROR: exception 'app\common\exceptions\AppException' with message '订单不存在' in C:\Users\Administrator\phpStudy\WWW\addons\yun_shop\plugins\yop-pay\src\services\YopPayService.php:226
Stack trace:
#0 C:\Users\Administrator\phpStudy\WWW\addons\yun_shop\plugins\yop-pay\src\api\TextController.php(25): Yunshop\YopPay\services\YopPayService->doRefund('PN2019012216332...', 0.1, 0.1)
#1 C:\Users\Administrator\phpStudy\WWW\addons\yun_shop\app\yunshop.php(103): Yunshop\YopPay\api\TextController->refund(Object(Illuminate\Http\Request))
#2 C:\Users\Administrator\phpStudy\WWW\addons\yun_shop\app\yunshop.php(314): YunShop::run('Yunshop\\YopPay\\...', Array, 'Text', 'refund', Array)
#3 C:\Users\Administrator\phpStudy\WWW\addons\yun_shop\routes\web.php(61): YunShop::parseRoute('plugin.yop-pay....')
#4 C:\Users\Administrator\phpStudy\WWW\addons\yun_shop\vendor\laravel\framework\src\Illuminate\Routing\Route.php(176): app\common\providers\RouteServiceProvider->{closure}()
#5 C:\Users\Administrator\phpStudy\WWW\addons\yun_shop\vendor\laravel\framework\src\Illuminate\Routing\Route.php(147): Illuminate\Routing\Route->runCallable()
#6 C:\Users\Administrator\phpStudy\WWW\addons\yun_shop\vendor\laravel\framework\src\Illuminate\Routing\Router.php(653): Illuminate\Routing\Route->run(Object(Illuminate\Http\Request))
#7 C:\Users\Administrator\phpStudy\WWW\addons\yun_shop\vendor\laravel\framework\src\Illuminate\Routing\Pipeline.php(53): Illuminate\Routing\Router->Illuminate\Routing\{closure}(Object(Illuminate\Http\Request))
#8 C:\Users\Administrator\phpStudy\WWW\addons\yun_shop\vendor\laravel\framework\src\Illuminate\Pipeline\Pipeline.php(104): Illuminate\Routing\Pipeline->Illuminate\Routing\{closure}(Object(Illuminate\Http\Request))
#9 C:\Users\Administrator\phpStudy\WWW\addons\yun_shop\vendor\laravel\framework\src\Illuminate\Routing\Router.php(655): Illuminate\Pipeline\Pipeline->then(Object(Closure))
#10 C:\Users\Administrator\phpStudy\WWW\addons\yun_shop\vendor\laravel\framework\src\Illuminate\Routing\Router.php(629): Illuminate\Routing\Router->runRouteWithinStack(Object(Illuminate\Routing\Route), Object(Illuminate\Http\Request))
#11 C:\Users\Administrator\phpStudy\WWW\addons\yun_shop\vendor\laravel\framework\src\Illuminate\Routing\Router.php(607): Illuminate\Routing\Router->dispatchToRoute(Object(Illuminate\Http\Request))
#12 C:\Users\Administrator\phpStudy\WWW\addons\yun_shop\vendor\laravel\framework\src\Illuminate\Foundation\Http\Kernel.php(268): Illuminate\Routing\Router->dispatch(Object(Illuminate\Http\Request))
#13 C:\Users\Administrator\phpStudy\WWW\addons\yun_shop\vendor\laravel\framework\src\Illuminate\Routing\Pipeline.php(53): Illuminate\Foundation\Http\Kernel->Illuminate\Foundation\Http\{closure}(Object(Illuminate\Http\Request))
#14 C:\Users\Administrator\phpStudy\WWW\addons\yun_shop\vendor\laravel\framework\src\Illuminate\Foundation\Http\Middleware\CheckForMaintenanceMode.php(46): Illuminate\Routing\Pipeline->Illuminate\Routing\{closure}(Object(Illuminate\Http\Request))
#15 C:\Users\Administrator\phpStudy\WWW\addons\yun_shop\vendor\laravel\framework\src\Illuminate\Pipeline\Pipeline.php(137): Illuminate\Foundation\Http\Middleware\CheckForMaintenanceMode->handle(Object(Illuminate\Http\Request), Object(Closure))
#16 C:\Users\Administrator\phpStudy\WWW\addons\yun_shop\vendor\laravel\framework\src\Illuminate\Routing\Pipeline.php(33): Illuminate\Pipeline\Pipeline->Illuminate\Pipeline\{closure}(Object(Illuminate\Http\Request))
#17 C:\Users\Administrator\phpStudy\WWW\addons\yun_shop\vendor\laravel\framework\src\Illuminate\Pipeline\Pipeline.php(104): Illuminate\Routing\Pipeline->Illuminate\Routing\{closure}(Object(Illuminate\Http\Request))
#18 C:\Users\Administrator\phpStudy\WWW\addons\yun_shop\vendor\laravel\framework\src\Illuminate\Foundation\Http\Kernel.php(150): Illuminate\Pipeline\Pipeline->then(Object(Closure))
#19 C:\Users\Administrator\phpStudy\WWW\addons\yun_shop\vendor\laravel\framework\src\Illuminate\Foundation\Http\Kernel.php(117): Illuminate\Foundation\Http\Kernel->sendRequestThroughRouter(Object(Illuminate\Http\Request))
#20 C:\Users\Administrator\phpStudy\WWW\addons\yun_shop\app\laravel.php(62): Illuminate\Foundation\Http\Kernel->handle(Object(Illuminate\Http\Request))
#21 C:\Users\Administrator\phpStudy\WWW\addons\yun_shop\api.php(30): include_once('C:\\Users\\Admini...')
#22 {main}  
[2019-01-29 15:51:46] dev.ERROR: http parameters {"i":"6","route":"plugin.yop-pay.api.text.refund"} 
[2019-01-29 15:51:46] dev.ERROR: exception 'Symfony\Component\Debug\Exception\FatalErrorException' with message 'syntax error, unexpected ')', expecting identifier (T_STRING) or variable (T_VARIABLE) or '{' or '$'' in C:\Users\Administrator\phpStudy\WWW\addons\yun_shop\plugins\yop-pay\src\services\YopPayService.php:237
Stack trace:
#0 C:\Users\Administrator\phpStudy\WWW\addons\yun_shop\vendor\laravel\framework\src\Illuminate\Foundation\Bootstrap\HandleExceptions.php(133): Symfony\Component\Debug\Exception\FatalErrorException->__construct()
#1 C:\Users\Administrator\phpStudy\WWW\addons\yun_shop\vendor\laravel\framework\src\Illuminate\Foundation\Bootstrap\HandleExceptions.php(118): Illuminate\Foundation\Bootstrap\HandleExceptions->fatalExceptionFromError()
#2 C:\Users\Administrator\phpStudy\WWW\addons\yun_shop\vendor\laravel\framework\src\Illuminate\Foundation\Bootstrap\HandleExceptions.php(0): Illuminate\Foundation\Bootstrap\HandleExceptions->handleShutdown()
#3 C:\Users\Administrator\phpStudy\WWW\addons\yun_shop\app\yunshop.php(25): app\common\providers\PluginServiceProvider->app\common\providers\{closure}()
#4 C:\Users\Administrator\phpStudy\WWW\addons\yun_shop\app\yunshop.php(25): spl_autoload_call()
#5 C:\Users\Administrator\phpStudy\WWW\addons\yun_shop\app\yunshop.php(103): Yunshop\YopPay\api\TextController->refund()
#6 C:\Users\Administrator\phpStudy\WWW\addons\yun_shop\app\yunshop.php(314): YunShop::run()
#7 C:\Users\Administrator\phpStudy\WWW\addons\yun_shop\routes\web.php(61): YunShop::parseRoute()
#8 C:\Users\Administrator\phpStudy\WWW\addons\yun_shop\vendor\laravel\framework\src\Illuminate\Routing\Route.php(176): app\common\providers\RouteServiceProvider->{closure:C:\Users\Administrator\phpStudy\WWW\addons\yun_shop\routes\web.php:23-167}()
#9 C:\Users\Administrator\phpStudy\WWW\addons\yun_shop\vendor\laravel\framework\src\Illuminate\Routing\Route.php(147): Illuminate\Routing\Route->runCallable()
#10 C:\Users\Administrator\phpStudy\WWW\addons\yun_shop\vendor\laravel\framework\src\Illuminate\Routing\Router.php(653): Illuminate\Routing\Route->run()
#11 C:\Users\Administrator\phpStudy\WWW\addons\yun_shop\vendor\laravel\framework\src\Illuminate\Routing\Pipeline.php(53): Illuminate\Routing\Router->Illuminate\Routing\{closure}()
#12 C:\Users\Administrator\phpStudy\WWW\addons\yun_shop\vendor\laravel\framework\src\Illuminate\Pipeline\Pipeline.php(104): Illuminate\Routing\Pipeline->Illuminate\Routing\{closure}()
#13 C:\Users\Administrator\phpStudy\WWW\addons\yun_shop\vendor\laravel\framework\src\Illuminate\Routing\Router.php(655): Illuminate\Pipeline\Pipeline->then()
#14 C:\Users\Administrator\phpStudy\WWW\addons\yun_shop\vendor\laravel\framework\src\Illuminate\Routing\Router.php(629): Illuminate\Routing\Router->runRouteWithinStack()
#15 C:\Users\Administrator\phpStudy\WWW\addons\yun_shop\vendor\laravel\framework\src\Illuminate\Routing\Router.php(607): Illuminate\Routing\Router->dispatchToRoute()
#16 C:\Users\Administrator\phpStudy\WWW\addons\yun_shop\vendor\laravel\framework\src\Illuminate\Foundation\Http\Kernel.php(268): Illuminate\Routing\Router->dispatch()
#17 C:\Users\Administrator\phpStudy\WWW\addons\yun_shop\vendor\laravel\framework\src\Illuminate\Routing\Pipeline.php(53): Illuminate\Foundation\Http\Kernel->Illuminate\Foundation\Http\{closure}()
#18 C:\Users\Administrator\phpStudy\WWW\addons\yun_shop\vendor\laravel\framework\src\Illuminate\Foundation\Http\Middleware\CheckForMaintenanceMode.php(46): Illuminate\Routing\Pipeline->Illuminate\Routing\{closure}()
#19 C:\Users\Administrator\phpStudy\WWW\addons\yun_shop\vendor\laravel\framework\src\Illuminate\Pipeline\Pipeline.php(137): Illuminate\Foundation\Http\Middleware\CheckForMaintenanceMode->handle()
#20 C:\Users\Administrator\phpStudy\WWW\addons\yun_shop\vendor\laravel\framework\src\Illuminate\Routing\Pipeline.php(33): Illuminate\Pipeline\Pipeline->Illuminate\Pipeline\{closure}()
#21 C:\Users\Administrator\phpStudy\WWW\addons\yun_shop\vendor\laravel\framework\src\Illuminate\Pipeline\Pipeline.php(104): Illuminate\Routing\Pipeline->Illuminate\Routing\{closure}()
#22 C:\Users\Administrator\phpStudy\WWW\addons\yun_shop\vendor\laravel\framework\src\Illuminate\Foundation\Http\Kernel.php(150): Illuminate\Pipeline\Pipeline->then()
#23 C:\Users\Administrator\phpStudy\WWW\addons\yun_shop\vendor\laravel\framework\src\Illuminate\Foundation\Http\Kernel.php(117): Illuminate\Foundation\Http\Kernel->sendRequestThroughRouter()
#24 C:\Users\Administrator\phpStudy\WWW\addons\yun_shop\app\laravel.php(62): Illuminate\Foundation\Http\Kernel->handle()
#25 C:\Users\Administrator\phpStudy\WWW\addons\yun_shop\api.php(30): ()
#26 C:\Users\Administrator\phpStudy\WWW\addons\yun_shop\api.php(0): {main}()
#27 {main}  
