[2019-01-30 08:46:10] dev.ERROR: http parameters {"i":"6","type":"5","shop_id":"null","route":"plugin.hotel.frontend.hotel.goods-buy","goods_id":"202","total":"1","option_id":"","member_coupon_ids":"","orders":"[{\"pre_id\":\"2e7f0d1c7ea9aa4bbbaefc024ea70d64\",\"note\":\"测试\",\"deduction_ids\":0}]","address":"{}","dispatch_type_id":"4","mark":"0","test_uid":"2455","hotel_id":"1","enter_at":"2019-01-22 00:00:00","leave_at":"2019-01-26 00:00:00"} 
[2019-01-30 08:46:10] dev.ERROR: exception 'Symfony\Component\Debug\Exception\FatalErrorException' with message 'Undefined class constant 'HOTEL_CHECK_IN'' in C:\Users\Administrator\phpStudy\WWW\addons\yun_shop\plugins\hotel\src\frontend\hotel\models\PreOrderAddress.php:22
Stack trace:
#0 C:\Users\Administrator\phpStudy\WWW\addons\yun_shop\vendor\laravel\framework\src\Illuminate\Foundation\Bootstrap\HandleExceptions.php(133): Symfony\Component\Debug\Exception\FatalErrorException->__construct()
#1 C:\Users\Administrator\phpStudy\WWW\addons\yun_shop\vendor\laravel\framework\src\Illuminate\Foundation\Bootstrap\HandleExceptions.php(118): Illuminate\Foundation\Bootstrap\HandleExceptions->fatalExceptionFromError()
#2 C:\Users\Administrator\phpStudy\WWW\addons\yun_shop\vendor\laravel\framework\src\Illuminate\Foundation\Bootstrap\HandleExceptions.php(0): Illuminate\Foundation\Bootstrap\HandleExceptions->handleShutdown()
#3 C:\Users\Administrator\phpStudy\WWW\addons\yun_shop\app\frontend\modules\dispatch\models\PreOrderAddress.php(39): Yunshop\Hotel\frontend\hotel\models\PreOrderAddress->_init()
#4 C:\Users\Administrator\phpStudy\WWW\addons\yun_shop\app\frontend\modules\order\models\PreOrder.php(172): app\frontend\modules\dispatch\models\PreOrderAddress->setOrder()
#5 C:\Users\Administrator\phpStudy\WWW\addons\yun_shop\plugins\hotel\src\frontend\hotel\models\PreOrder.php(34): app\frontend\modules\order\models\PreOrder->beforeCreating()
#6 C:\Users\Administrator\phpStudy\WWW\addons\yun_shop\app\frontend\modules\order\models\PreOrder.php(94): Yunshop\Hotel\frontend\hotel\models\PreOrder->beforeCreating()
#7 C:\Users\Administrator\phpStudy\WWW\addons\yun_shop\app\common\modules\memberCart\MemberCartCollection.php(133): app\frontend\modules\order\models\PreOrder->init()
#8 C:\Users\Administrator\phpStudy\WWW\addons\yun_shop\app\common\modules\trade\models\Trade.php(73): app\common\modules\memberCart\MemberCartCollection->getOrder()
#9 C:\Users\Administrator\phpStudy\WWW\addons\yun_shop\vendor\laravel\framework\src\Illuminate\Support\Collection.php(613): app\common\modules\trade\models\Trade->app\common\modules\trade\models\{closure}()
#10 C:\Users\Administrator\phpStudy\WWW\addons\yun_shop\vendor\laravel\framework\src\Illuminate\Support\Collection.php(613): array_map()
#11 C:\Users\Administrator\phpStudy\WWW\addons\yun_shop\vendor\laravel\framework\src\Illuminate\Database\Eloquent\Collection.php(125): Illuminate\Support\Collection->map()
#12 C:\Users\Administrator\phpStudy\WWW\addons\yun_shop\app\common\modules\trade\models\Trade.php(74): Illuminate\Database\Eloquent\Collection->map()
#13 C:\Users\Administrator\phpStudy\WWW\addons\yun_shop\app\common\modules\trade\models\Trade.php(33): app\common\modules\trade\models\Trade->getOrderCollection()
#14 C:\Users\Administrator\phpStudy\WWW\addons\yun_shop\app\common\modules\memberCart\MemberCartCollection.php(99): app\common\modules\trade\models\Trade->init()
#15 C:\Users\Administrator\phpStudy\WWW\addons\yun_shop\app\frontend\modules\order\controllers\GoodsBuyController.php(56): app\common\modules\memberCart\MemberCartCollection->getTrade()
#16 C:\Users\Administrator\phpStudy\WWW\addons\yun_shop\app\yunshop.php(103): app\frontend\modules\order\controllers\GoodsBuyController->index()
#17 C:\Users\Administrator\phpStudy\WWW\addons\yun_shop\app\yunshop.php(314): YunShop::run()
#18 C:\Users\Administrator\phpStudy\WWW\addons\yun_shop\routes\web.php(61): YunShop::parseRoute()
#19 C:\Users\Administrator\phpStudy\WWW\addons\yun_shop\vendor\laravel\framework\src\Illuminate\Routing\Route.php(176): app\common\providers\RouteServiceProvider->{closure:C:\Users\Administrator\phpStudy\WWW\addons\yun_shop\routes\web.php:23-167}()
#20 C:\Users\Administrator\phpStudy\WWW\addons\yun_shop\vendor\laravel\framework\src\Illuminate\Routing\Route.php(147): Illuminate\Routing\Route->runCallable()
#21 C:\Users\Administrator\phpStudy\WWW\addons\yun_shop\vendor\laravel\framework\src\Illuminate\Routing\Router.php(653): Illuminate\Routing\Route->run()
#22 C:\Users\Administrator\phpStudy\WWW\addons\yun_shop\vendor\laravel\framework\src\Illuminate\Routing\Pipeline.php(53): Illuminate\Routing\Router->Illuminate\Routing\{closure}()
#23 C:\Users\Administrator\phpStudy\WWW\addons\yun_shop\vendor\laravel\framework\src\Illuminate\Pipeline\Pipeline.php(104): Illuminate\Routing\Pipeline->Illuminate\Routing\{closure}()
#24 C:\Users\Administrator\phpStudy\WWW\addons\yun_shop\vendor\laravel\framework\src\Illuminate\Routing\Router.php(655): Illuminate\Pipeline\Pipeline->then()
#25 C:\Users\Administrator\phpStudy\WWW\addons\yun_shop\vendor\laravel\framework\src\Illuminate\Routing\Router.php(629): Illuminate\Routing\Router->runRouteWithinStack()
#26 C:\Users\Administrator\phpStudy\WWW\addons\yun_shop\vendor\laravel\framework\src\Illuminate\Routing\Router.php(607): Illuminate\Routing\Router->dispatchToRoute()
#27 C:\Users\Administrator\phpStudy\WWW\addons\yun_shop\vendor\laravel\framework\src\Illuminate\Foundation\Http\Kernel.php(268): Illuminate\Routing\Router->dispatch()
#28 C:\Users\Administrator\phpStudy\WWW\addons\yun_shop\vendor\laravel\framework\src\Illuminate\Routing\Pipeline.php(53): Illuminate\Foundation\Http\Kernel->Illuminate\Foundation\Http\{closure}()
#29 C:\Users\Administrator\phpStudy\WWW\addons\yun_shop\vendor\laravel\framework\src\Illuminate\Foundation\Http\Middleware\CheckForMaintenanceMode.php(46): Illuminate\Routing\Pipeline->Illuminate\Routing\{closure}()
#30 C:\Users\Administrator\phpStudy\WWW\addons\yun_shop\vendor\laravel\framework\src\Illuminate\Pipeline\Pipeline.php(137): Illuminate\Foundation\Http\Middleware\CheckForMaintenanceMode->handle()
#31 C:\Users\Administrator\phpStudy\WWW\addons\yun_shop\vendor\laravel\framework\src\Illuminate\Routing\Pipeline.php(33): Illuminate\Pipeline\Pipeline->Illuminate\Pipeline\{closure}()
#32 C:\Users\Administrator\phpStudy\WWW\addons\yun_shop\vendor\laravel\framework\src\Illuminate\Pipeline\Pipeline.php(104): Illuminate\Routing\Pipeline->Illuminate\Routing\{closure}()
#33 C:\Users\Administrator\phpStudy\WWW\addons\yun_shop\vendor\laravel\framework\src\Illuminate\Foundation\Http\Kernel.php(150): Illuminate\Pipeline\Pipeline->then()
#34 C:\Users\Administrator\phpStudy\WWW\addons\yun_shop\vendor\laravel\framework\src\Illuminate\Foundation\Http\Kernel.php(117): Illuminate\Foundation\Http\Kernel->sendRequestThroughRouter()
#35 C:\Users\Administrator\phpStudy\WWW\addons\yun_shop\app\laravel.php(62): Illuminate\Foundation\Http\Kernel->handle()
#36 C:\Users\Administrator\phpStudy\WWW\addons\yun_shop\api.php(30): ()
#37 C:\Users\Administrator\phpStudy\WWW\addons\yun_shop\api.php(0): {main}()
#38 {main}  
[2019-01-30 10:24:32] dev.ERROR: http parameters {"i":"6","type":"5","shop_id":"null","route":"plugin.hotel.frontend.hotel.goods-buy","goods_id":"202","total":"1","option_id":"","member_coupon_ids":"","orders":"[{\"pre_id\":\"2e7f0d1c7ea9aa4bbbaefc024ea70d64\",\"note\":\"测试\",\"deduction_ids\":0}]","address":"{}","dispatch_type_id":"4","mark":"0","test_uid":"2455","hotel_id":"1","enter_at":"2019-01-22 00:00:00","leave_at":"2019-01-26 00:00:00"} 
[2019-01-30 10:24:32] dev.ERROR: exception 'Symfony\Component\Debug\Exception\FatalErrorException' with message 'Undefined class constant 'HOTEL_CHECK_IN'' in C:\Users\Administrator\phpStudy\WWW\addons\yun_shop\plugins\hotel\src\frontend\hotel\models\PreOrderAddress.php:22
Stack trace:
#0 C:\Users\Administrator\phpStudy\WWW\addons\yun_shop\vendor\laravel\framework\src\Illuminate\Foundation\Bootstrap\HandleExceptions.php(133): Symfony\Component\Debug\Exception\FatalErrorException->__construct()
#1 C:\Users\Administrator\phpStudy\WWW\addons\yun_shop\vendor\laravel\framework\src\Illuminate\Foundation\Bootstrap\HandleExceptions.php(118): Illuminate\Foundation\Bootstrap\HandleExceptions->fatalExceptionFromError()
#2 C:\Users\Administrator\phpStudy\WWW\addons\yun_shop\vendor\laravel\framework\src\Illuminate\Foundation\Bootstrap\HandleExceptions.php(0): Illuminate\Foundation\Bootstrap\HandleExceptions->handleShutdown()
#3 C:\Users\Administrator\phpStudy\WWW\addons\yun_shop\app\frontend\modules\dispatch\models\PreOrderAddress.php(39): Yunshop\Hotel\frontend\hotel\models\PreOrderAddress->_init()
#4 C:\Users\Administrator\phpStudy\WWW\addons\yun_shop\app\frontend\modules\order\models\PreOrder.php(172): app\frontend\modules\dispatch\models\PreOrderAddress->setOrder()
#5 C:\Users\Administrator\phpStudy\WWW\addons\yun_shop\plugins\hotel\src\frontend\hotel\models\PreOrder.php(34): app\frontend\modules\order\models\PreOrder->beforeCreating()
#6 C:\Users\Administrator\phpStudy\WWW\addons\yun_shop\app\frontend\modules\order\models\PreOrder.php(94): Yunshop\Hotel\frontend\hotel\models\PreOrder->beforeCreating()
#7 C:\Users\Administrator\phpStudy\WWW\addons\yun_shop\app\common\modules\memberCart\MemberCartCollection.php(133): app\frontend\modules\order\models\PreOrder->init()
#8 C:\Users\Administrator\phpStudy\WWW\addons\yun_shop\app\common\modules\trade\models\Trade.php(73): app\common\modules\memberCart\MemberCartCollection->getOrder()
#9 C:\Users\Administrator\phpStudy\WWW\addons\yun_shop\vendor\laravel\framework\src\Illuminate\Support\Collection.php(613): app\common\modules\trade\models\Trade->app\common\modules\trade\models\{closure}()
#10 C:\Users\Administrator\phpStudy\WWW\addons\yun_shop\vendor\laravel\framework\src\Illuminate\Support\Collection.php(613): array_map()
#11 C:\Users\Administrator\phpStudy\WWW\addons\yun_shop\vendor\laravel\framework\src\Illuminate\Database\Eloquent\Collection.php(125): Illuminate\Support\Collection->map()
#12 C:\Users\Administrator\phpStudy\WWW\addons\yun_shop\app\common\modules\trade\models\Trade.php(74): Illuminate\Database\Eloquent\Collection->map()
#13 C:\Users\Administrator\phpStudy\WWW\addons\yun_shop\app\common\modules\trade\models\Trade.php(33): app\common\modules\trade\models\Trade->getOrderCollection()
#14 C:\Users\Administrator\phpStudy\WWW\addons\yun_shop\app\common\modules\memberCart\MemberCartCollection.php(99): app\common\modules\trade\models\Trade->init()
#15 C:\Users\Administrator\phpStudy\WWW\addons\yun_shop\app\frontend\modules\order\controllers\GoodsBuyController.php(56): app\common\modules\memberCart\MemberCartCollection->getTrade()
#16 C:\Users\Administrator\phpStudy\WWW\addons\yun_shop\app\yunshop.php(103): app\frontend\modules\order\controllers\GoodsBuyController->index()
#17 C:\Users\Administrator\phpStudy\WWW\addons\yun_shop\app\yunshop.php(314): YunShop::run()
#18 C:\Users\Administrator\phpStudy\WWW\addons\yun_shop\routes\web.php(61): YunShop::parseRoute()
#19 C:\Users\Administrator\phpStudy\WWW\addons\yun_shop\vendor\laravel\framework\src\Illuminate\Routing\Route.php(176): app\common\providers\RouteServiceProvider->{closure:C:\Users\Administrator\phpStudy\WWW\addons\yun_shop\routes\web.php:23-167}()
#20 C:\Users\Administrator\phpStudy\WWW\addons\yun_shop\vendor\laravel\framework\src\Illuminate\Routing\Route.php(147): Illuminate\Routing\Route->runCallable()
#21 C:\Users\Administrator\phpStudy\WWW\addons\yun_shop\vendor\laravel\framework\src\Illuminate\Routing\Router.php(653): Illuminate\Routing\Route->run()
#22 C:\Users\Administrator\phpStudy\WWW\addons\yun_shop\vendor\laravel\framework\src\Illuminate\Routing\Pipeline.php(53): Illuminate\Routing\Router->Illuminate\Routing\{closure}()
#23 C:\Users\Administrator\phpStudy\WWW\addons\yun_shop\vendor\laravel\framework\src\Illuminate\Pipeline\Pipeline.php(104): Illuminate\Routing\Pipeline->Illuminate\Routing\{closure}()
#24 C:\Users\Administrator\phpStudy\WWW\addons\yun_shop\vendor\laravel\framework\src\Illuminate\Routing\Router.php(655): Illuminate\Pipeline\Pipeline->then()
#25 C:\Users\Administrator\phpStudy\WWW\addons\yun_shop\vendor\laravel\framework\src\Illuminate\Routing\Router.php(629): Illuminate\Routing\Router->runRouteWithinStack()
#26 C:\Users\Administrator\phpStudy\WWW\addons\yun_shop\vendor\laravel\framework\src\Illuminate\Routing\Router.php(607): Illuminate\Routing\Router->dispatchToRoute()
#27 C:\Users\Administrator\phpStudy\WWW\addons\yun_shop\vendor\laravel\framework\src\Illuminate\Foundation\Http\Kernel.php(268): Illuminate\Routing\Router->dispatch()
#28 C:\Users\Administrator\phpStudy\WWW\addons\yun_shop\vendor\laravel\framework\src\Illuminate\Routing\Pipeline.php(53): Illuminate\Foundation\Http\Kernel->Illuminate\Foundation\Http\{closure}()
#29 C:\Users\Administrator\phpStudy\WWW\addons\yun_shop\vendor\laravel\framework\src\Illuminate\Foundation\Http\Middleware\CheckForMaintenanceMode.php(46): Illuminate\Routing\Pipeline->Illuminate\Routing\{closure}()
#30 C:\Users\Administrator\phpStudy\WWW\addons\yun_shop\vendor\laravel\framework\src\Illuminate\Pipeline\Pipeline.php(137): Illuminate\Foundation\Http\Middleware\CheckForMaintenanceMode->handle()
#31 C:\Users\Administrator\phpStudy\WWW\addons\yun_shop\vendor\laravel\framework\src\Illuminate\Routing\Pipeline.php(33): Illuminate\Pipeline\Pipeline->Illuminate\Pipeline\{closure}()
#32 C:\Users\Administrator\phpStudy\WWW\addons\yun_shop\vendor\laravel\framework\src\Illuminate\Pipeline\Pipeline.php(104): Illuminate\Routing\Pipeline->Illuminate\Routing\{closure}()
#33 C:\Users\Administrator\phpStudy\WWW\addons\yun_shop\vendor\laravel\framework\src\Illuminate\Foundation\Http\Kernel.php(150): Illuminate\Pipeline\Pipeline->then()
#34 C:\Users\Administrator\phpStudy\WWW\addons\yun_shop\vendor\laravel\framework\src\Illuminate\Foundation\Http\Kernel.php(117): Illuminate\Foundation\Http\Kernel->sendRequestThroughRouter()
#35 C:\Users\Administrator\phpStudy\WWW\addons\yun_shop\app\laravel.php(62): Illuminate\Foundation\Http\Kernel->handle()
#36 C:\Users\Administrator\phpStudy\WWW\addons\yun_shop\api.php(30): ()
#37 C:\Users\Administrator\phpStudy\WWW\addons\yun_shop\api.php(0): {main}()
#38 {main}  
