Array
(
    [openid] => uce61d9003f5398fdbbbe3392e3820c00
    [type] => 1
    [applyno] => CA20160721171512642857
    [apply_money] => 22.00
    [apply_time] => 1469092512
    [status] => 0
    [uniacid] => 1
    [apply_ordergoods_ids] => 2,4
)
Array
(
    [openid] => uce61d9003f5398fdbbbe3392e3820c00
    [mid] => 2
    [type] => 0
    [applyno] => CA20160722151758859266
    [apply_money] => 11.00
    [apply_time] => 1469171878
    [status] => 0
    [uniacid] => 1
    [apply_ordergoods_ids] => 6
)
Array
(
    [openid] => uce61d9003f5398fdbbbe3392e3820c00
    [mid] => 2
    [type] => 0
    [applyno] => CA20160725135628934417
    [apply_money] => 11.00
    [apply_time] => 1469426188
    [status] => 0
    [uniacid] => 1
    [apply_ordergoods_ids] => 7
)
