Array
(
    [id] => 1
    [uniacid] => 52
    [type] => 4
    [days] => 0
    [title] => 二维码海报
    [bg] => images/52/2016/07/fpfAwQ3FuT34PW3kaPQUUSSXppWSzs.jpg
    [data] => [{"left":"57px","top":"138px","type":"head","width":"51px","height":"51px"},{"left":"90px","top":"201px","type":"qr","width":"132px","height":"132px","size":""},{"left":"137px","top":"139px","type":"nickname","width":"80px","height":"40px","size":"20px","color":"#000000"}]
    [keyword] => 二维码海报
    [isdefault] => 1
    [resptitle] => 
    [respthumb] => 
    [createtime] => 1468907960
    [respdesc] => 
    [respurl] => 
    [waittext] => 
    [oktext] => 
    [subcredit] => 1
    [submoney] => 0.00
    [reccredit] => 1
    [recmoney] => 0.00
    [scantext] => 
    [subtext] => 
    [beagent] => 1
    [bedown] => 1
    [isopen] => 1
    [opentext] => 
    [openurl] => 
    [paytype] => 0
    [subpaycontent] => 
    [recpaycontent] => 
    [templateid] => 
    [entrytext] => 
    [reccouponid] => 0
    [reccouponnum] => 0
    [subcouponid] => 0
    [subcouponnum] => 0
    [timestart] => 1468839960
    [timeend] => 1471431960
    [status] => 1
    [goodsid] => 0
)
