Array
(
    [id] => 85
    [uniacid] => 52
    [uid] => 6475
    [groupid] => 0
    [level] => 0
    [agentid] => 0
    [openid] => ojvGMwL3fLSZPW0wpU_MmIAR-hMA
    [realname] => 
    [mobile] => 
    [pwd] => 
    [weixin] => 
    [content] => 
    [createtime] => 1469097136
    [agenttime] => 0
    [status] => 0
    [isagent] => 0
    [clickcount] => 0
    [agentlevel] => 0
    [noticeset] => 
    [nickname] => 杨雨
    [credit1] => 0.00
    [credit2] => 0.00
    [birthyear] => 
    [birthmonth] => 
    [birthday] => 
    [gender] => 1
    [avatar] => http://wx.qlogo.cn/mmopen/fUP0iaxh8jciciaWibAAkJNLMLW7PCEK9ibrAYaSmwCehC4YtLFfibUGp4DRvKEjYBm9yDkxckVMKZ8Afk48ujiaczEWUxVsNc6NvbC/0
    [province] => 
    [city] => 
    [area] => 
    [childtime] => 0
    [inviter] => 0
    [agentnotupgrade] => 0
    [agentselectgoods] => 0
    [agentblack] => 0
    [fixagentid] => 0
    [regtype] => 1
    [isbindmobile] => 0
    [isjumpbind] => 0
    [diymemberid] => 0
    [isblack] => 0
    [diymemberdataid] => 0
    [diycommissionid] => 0
    [diycommissiondataid] => 0
    [diymemberfields] => 
    [diymemberdata] => 
    [diycommissionfields] => 
    [diycommissiondata] => 
    [referralsn] => 
    [bindapp] => 0
    [ordersn_general] => 
    [credit20] => 0.00
)
